<?xml version="1.0" encoding="UTF-8"?>
<testsuite xmlns:xsi="http://www.w3.org/2001/XMLSchema-instance" xsi:noNamespaceSchemaLocation="https://maven.apache.org/surefire/maven-surefire-plugin/xsd/surefire-test-report-3.0.xsd" version="3.0" name="TestSuite" time="79.554" tests="5" errors="0" skipped="1" failures="4">
  <properties>
    <property name="java.specification.version" value="23"/>
    <property name="sun.cpu.isalist" value="amd64"/>
    <property name="sun.jnu.encoding" value="Cp1252"/>
    <property name="java.class.path" value="C:\Users\kaushal\Desktop\ECLIPSE_OCTOBER2024\ECLIPSE_OCTOBER2024_KAUSHAL-WS\APPIUM_FRAMEWORK_BHAVINI_18MAY25\target\test-classes;C:\Users\kaushal\Desktop\ECLIPSE_OCTOBER2024\ECLIPSE_OCTOBER2024_KAUSHAL-WS\APPIUM_FRAMEWORK_BHAVINI_18MAY25\target\classes;C:\Users\kaushal\.m2\repository\org\slf4j\slf4j-simple\2.0.9\slf4j-simple-2.0.9.jar;C:\Users\kaushal\.m2\repository\org\slf4j\slf4j-api\2.0.9\slf4j-api-2.0.9.jar;C:\Users\kaushal\.m2\repository\io\appium\java-client\9.3.0\java-client-9.3.0.jar;C:\Users\kaushal\.m2\repository\org\seleniumhq\selenium\selenium-api\4.33.0\selenium-api-4.33.0.jar;C:\Users\kaushal\.m2\repository\org\jspecify\jspecify\1.0.0\jspecify-1.0.0.jar;C:\Users\kaushal\.m2\repository\org\seleniumhq\selenium\selenium-support\4.33.0\selenium-support-4.33.0.jar;C:\Users\kaushal\.m2\repository\com\google\code\gson\gson\2.11.0\gson-2.11.0.jar;C:\Users\kaushal\.m2\repository\com\google\errorprone\error_prone_annotations\2.27.0\error_prone_annotations-2.27.0.jar;C:\Users\kaushal\.m2\repository\org\testng\testng\7.9.0\testng-7.9.0.jar;C:\Users\kaushal\.m2\repository\com\beust\jcommander\1.82\jcommander-1.82.jar;C:\Users\kaushal\.m2\repository\org\webjars\jquery\3.7.1\jquery-3.7.1.jar;C:\Users\kaushal\.m2\repository\io\github\bonigarcia\webdrivermanager\5.9.2\webdrivermanager-5.9.2.jar;C:\Users\kaushal\.m2\repository\com\github\docker-java\docker-java\3.4.0\docker-java-3.4.0.jar;C:\Users\kaushal\.m2\repository\com\github\docker-java\docker-java-core\3.4.0\docker-java-core-3.4.0.jar;C:\Users\kaushal\.m2\repository\com\github\docker-java\docker-java-api\3.4.0\docker-java-api-3.4.0.jar;C:\Users\kaushal\.m2\repository\com\fasterxml\jackson\core\jackson-annotations\2.10.3\jackson-annotations-2.10.3.jar;C:\Users\kaushal\.m2\repository\com\fasterxml\jackson\core\jackson-databind\2.10.3\jackson-databind-2.10.3.jar;C:\Users\kaushal\.m2\repository\com\fasterxml\jackson\core\jackson-core\2.10.3\jackson-core-2.10.3.jar;C:\Users\kaushal\.m2\repository\org\slf4j\jcl-over-slf4j\1.7.30\jcl-over-slf4j-1.7.30.jar;C:\Users\kaushal\.m2\repository\com\github\docker-java\docker-java-transport-httpclient5\3.4.0\docker-java-transport-httpclient5-3.4.0.jar;C:\Users\kaushal\.m2\repository\com\github\docker-java\docker-java-transport\3.4.0\docker-java-transport-3.4.0.jar;C:\Users\kaushal\.m2\repository\net\java\dev\jna\jna\5.13.0\jna-5.13.0.jar;C:\Users\kaushal\.m2\repository\org\brotli\dec\0.1.2\dec-0.1.2.jar;C:\Users\kaushal\.m2\repository\org\apache\commons\commons-lang3\3.15.0\commons-lang3-3.15.0.jar;C:\Users\kaushal\.m2\repository\org\apache\commons\commons-compress\1.26.2\commons-compress-1.26.2.jar;C:\Users\kaushal\.m2\repository\commons-codec\commons-codec\1.17.0\commons-codec-1.17.0.jar;C:\Users\kaushal\.m2\repository\org\apache\httpcomponents\client5\httpclient5\5.2.1\httpclient5-5.2.1.jar;C:\Users\kaushal\.m2\repository\org\apache\httpcomponents\core5\httpcore5\5.2\httpcore5-5.2.jar;C:\Users\kaushal\.m2\repository\org\apache\httpcomponents\core5\httpcore5-h2\5.2\httpcore5-h2-5.2.jar;C:\Users\kaushal\.m2\repository\com\aventstack\extentreports\5.1.2\extentreports-5.1.2.jar;C:\Users\kaushal\.m2\repository\io\reactivex\rxjava3\rxjava\3.1.6\rxjava-3.1.6.jar;C:\Users\kaushal\.m2\repository\org\reactivestreams\reactive-streams\1.0.4\reactive-streams-1.0.4.jar;C:\Users\kaushal\.m2\repository\org\freemarker\freemarker\2.3.32\freemarker-2.3.32.jar;C:\Users\kaushal\.m2\repository\org\projectlombok\lombok\1.18.26\lombok-1.18.26.jar;C:\Users\kaushal\.m2\repository\commons-io\commons-io\2.11.0\commons-io-2.11.0.jar;C:\Users\kaushal\.m2\repository\log4j\log4j\1.2.17\log4j-1.2.17.jar;C:\Users\kaushal\.m2\repository\org\apache\logging\log4j\log4j-api\2.20.0\log4j-api-2.20.0.jar;C:\Users\kaushal\.m2\repository\org\apache\logging\log4j\log4j-core\2.20.0\log4j-core-2.20.0.jar;C:\Users\kaushal\.m2\repository\org\seleniumhq\selenium\selenium-remote-driver\4.24.0\selenium-remote-driver-4.24.0.jar;C:\Users\kaushal\.m2\repository\com\google\auto\service\auto-service-annotations\1.1.1\auto-service-annotations-1.1.1.jar;C:\Users\kaushal\.m2\repository\com\google\guava\guava\33.3.0-jre\guava-33.3.0-jre.jar;C:\Users\kaushal\.m2\repository\com\google\guava\failureaccess\1.0.2\failureaccess-1.0.2.jar;C:\Users\kaushal\.m2\repository\com\google\guava\listenablefuture\9999.0-empty-to-avoid-conflict-with-guava\listenablefuture-9999.0-empty-to-avoid-conflict-with-guava.jar;C:\Users\kaushal\.m2\repository\com\google\code\findbugs\jsr305\3.0.2\jsr305-3.0.2.jar;C:\Users\kaushal\.m2\repository\org\checkerframework\checker-qual\3.43.0\checker-qual-3.43.0.jar;C:\Users\kaushal\.m2\repository\com\google\j2objc\j2objc-annotations\3.0.0\j2objc-annotations-3.0.0.jar;C:\Users\kaushal\.m2\repository\io\opentelemetry\semconv\opentelemetry-semconv\1.25.0-alpha\opentelemetry-semconv-1.25.0-alpha.jar;C:\Users\kaushal\.m2\repository\io\opentelemetry\opentelemetry-api\1.41.0\opentelemetry-api-1.41.0.jar;C:\Users\kaushal\.m2\repository\io\opentelemetry\opentelemetry-context\1.41.0\opentelemetry-context-1.41.0.jar;C:\Users\kaushal\.m2\repository\io\opentelemetry\opentelemetry-exporter-logging\1.41.0\opentelemetry-exporter-logging-1.41.0.jar;C:\Users\kaushal\.m2\repository\io\opentelemetry\opentelemetry-sdk-common\1.41.0\opentelemetry-sdk-common-1.41.0.jar;C:\Users\kaushal\.m2\repository\io\opentelemetry\opentelemetry-sdk-extension-autoconfigure-spi\1.41.0\opentelemetry-sdk-extension-autoconfigure-spi-1.41.0.jar;C:\Users\kaushal\.m2\repository\io\opentelemetry\opentelemetry-sdk-extension-autoconfigure\1.41.0\opentelemetry-sdk-extension-autoconfigure-1.41.0.jar;C:\Users\kaushal\.m2\repository\io\opentelemetry\opentelemetry-api-incubator\1.41.0-alpha\opentelemetry-api-incubator-1.41.0-alpha.jar;C:\Users\kaushal\.m2\repository\io\opentelemetry\opentelemetry-sdk-trace\1.41.0\opentelemetry-sdk-trace-1.41.0.jar;C:\Users\kaushal\.m2\repository\io\opentelemetry\opentelemetry-sdk\1.41.0\opentelemetry-sdk-1.41.0.jar;C:\Users\kaushal\.m2\repository\io\opentelemetry\opentelemetry-sdk-metrics\1.41.0\opentelemetry-sdk-metrics-1.41.0.jar;C:\Users\kaushal\.m2\repository\io\opentelemetry\opentelemetry-sdk-logs\1.41.0\opentelemetry-sdk-logs-1.41.0.jar;C:\Users\kaushal\.m2\repository\net\bytebuddy\byte-buddy\1.15.0\byte-buddy-1.15.0.jar;C:\Users\kaushal\.m2\repository\org\seleniumhq\selenium\selenium-http\4.24.0\selenium-http-4.24.0.jar;C:\Users\kaushal\.m2\repository\dev\failsafe\failsafe\3.3.2\failsafe-3.3.2.jar;C:\Users\kaushal\.m2\repository\org\seleniumhq\selenium\selenium-json\4.24.0\selenium-json-4.24.0.jar;C:\Users\kaushal\.m2\repository\org\seleniumhq\selenium\selenium-manager\4.24.0\selenium-manager-4.24.0.jar;C:\Users\kaushal\.m2\repository\org\seleniumhq\selenium\selenium-os\4.24.0\selenium-os-4.24.0.jar;C:\Users\kaushal\.m2\repository\org\apache\commons\commons-exec\1.4.0\commons-exec-1.4.0.jar;"/>
    <property name="java.vm.vendor" value="Oracle Corporation"/>
    <property name="sun.arch.data.model" value="64"/>
    <property name="user.variant" value=""/>
    <property name="java.vendor.url" value="https://java.oracle.com/"/>
    <property name="user.timezone" value="Asia/Calcutta"/>
    <property name="os.name" value="Windows 11"/>
    <property name="java.vm.specification.version" value="23"/>
    <property name="sun.java.launcher" value="SUN_STANDARD"/>
    <property name="user.country" value="IN"/>
    <property name="sun.boot.library.path" value="C:\Program Files\Java\jdk-23\Latest_JAVA_yo\bin"/>
    <property name="sun.java.command" value="C:\Users\kaushal\AppData\Local\Temp\surefire6144205939560266835\surefirebooter-20250601163612598_3.jar C:\Users\kaushal\AppData\Local\Temp\surefire6144205939560266835 2025-06-01T16-36-12_290-jvmRun1 surefire-20250601163612598_1tmp surefire_0-20250601163612598_2tmp"/>
    <property name="jdk.debug" value="release"/>
    <property name="surefire.test.class.path" value="C:\Users\kaushal\Desktop\ECLIPSE_OCTOBER2024\ECLIPSE_OCTOBER2024_KAUSHAL-WS\APPIUM_FRAMEWORK_BHAVINI_18MAY25\target\test-classes;C:\Users\kaushal\Desktop\ECLIPSE_OCTOBER2024\ECLIPSE_OCTOBER2024_KAUSHAL-WS\APPIUM_FRAMEWORK_BHAVINI_18MAY25\target\classes;C:\Users\kaushal\.m2\repository\org\slf4j\slf4j-simple\2.0.9\slf4j-simple-2.0.9.jar;C:\Users\kaushal\.m2\repository\org\slf4j\slf4j-api\2.0.9\slf4j-api-2.0.9.jar;C:\Users\kaushal\.m2\repository\io\appium\java-client\9.3.0\java-client-9.3.0.jar;C:\Users\kaushal\.m2\repository\org\seleniumhq\selenium\selenium-api\4.33.0\selenium-api-4.33.0.jar;C:\Users\kaushal\.m2\repository\org\jspecify\jspecify\1.0.0\jspecify-1.0.0.jar;C:\Users\kaushal\.m2\repository\org\seleniumhq\selenium\selenium-support\4.33.0\selenium-support-4.33.0.jar;C:\Users\kaushal\.m2\repository\com\google\code\gson\gson\2.11.0\gson-2.11.0.jar;C:\Users\kaushal\.m2\repository\com\google\errorprone\error_prone_annotations\2.27.0\error_prone_annotations-2.27.0.jar;C:\Users\kaushal\.m2\repository\org\testng\testng\7.9.0\testng-7.9.0.jar;C:\Users\kaushal\.m2\repository\com\beust\jcommander\1.82\jcommander-1.82.jar;C:\Users\kaushal\.m2\repository\org\webjars\jquery\3.7.1\jquery-3.7.1.jar;C:\Users\kaushal\.m2\repository\io\github\bonigarcia\webdrivermanager\5.9.2\webdrivermanager-5.9.2.jar;C:\Users\kaushal\.m2\repository\com\github\docker-java\docker-java\3.4.0\docker-java-3.4.0.jar;C:\Users\kaushal\.m2\repository\com\github\docker-java\docker-java-core\3.4.0\docker-java-core-3.4.0.jar;C:\Users\kaushal\.m2\repository\com\github\docker-java\docker-java-api\3.4.0\docker-java-api-3.4.0.jar;C:\Users\kaushal\.m2\repository\com\fasterxml\jackson\core\jackson-annotations\2.10.3\jackson-annotations-2.10.3.jar;C:\Users\kaushal\.m2\repository\com\fasterxml\jackson\core\jackson-databind\2.10.3\jackson-databind-2.10.3.jar;C:\Users\kaushal\.m2\repository\com\fasterxml\jackson\core\jackson-core\2.10.3\jackson-core-2.10.3.jar;C:\Users\kaushal\.m2\repository\org\slf4j\jcl-over-slf4j\1.7.30\jcl-over-slf4j-1.7.30.jar;C:\Users\kaushal\.m2\repository\com\github\docker-java\docker-java-transport-httpclient5\3.4.0\docker-java-transport-httpclient5-3.4.0.jar;C:\Users\kaushal\.m2\repository\com\github\docker-java\docker-java-transport\3.4.0\docker-java-transport-3.4.0.jar;C:\Users\kaushal\.m2\repository\net\java\dev\jna\jna\5.13.0\jna-5.13.0.jar;C:\Users\kaushal\.m2\repository\org\brotli\dec\0.1.2\dec-0.1.2.jar;C:\Users\kaushal\.m2\repository\org\apache\commons\commons-lang3\3.15.0\commons-lang3-3.15.0.jar;C:\Users\kaushal\.m2\repository\org\apache\commons\commons-compress\1.26.2\commons-compress-1.26.2.jar;C:\Users\kaushal\.m2\repository\commons-codec\commons-codec\1.17.0\commons-codec-1.17.0.jar;C:\Users\kaushal\.m2\repository\org\apache\httpcomponents\client5\httpclient5\5.2.1\httpclient5-5.2.1.jar;C:\Users\kaushal\.m2\repository\org\apache\httpcomponents\core5\httpcore5\5.2\httpcore5-5.2.jar;C:\Users\kaushal\.m2\repository\org\apache\httpcomponents\core5\httpcore5-h2\5.2\httpcore5-h2-5.2.jar;C:\Users\kaushal\.m2\repository\com\aventstack\extentreports\5.1.2\extentreports-5.1.2.jar;C:\Users\kaushal\.m2\repository\io\reactivex\rxjava3\rxjava\3.1.6\rxjava-3.1.6.jar;C:\Users\kaushal\.m2\repository\org\reactivestreams\reactive-streams\1.0.4\reactive-streams-1.0.4.jar;C:\Users\kaushal\.m2\repository\org\freemarker\freemarker\2.3.32\freemarker-2.3.32.jar;C:\Users\kaushal\.m2\repository\org\projectlombok\lombok\1.18.26\lombok-1.18.26.jar;C:\Users\kaushal\.m2\repository\commons-io\commons-io\2.11.0\commons-io-2.11.0.jar;C:\Users\kaushal\.m2\repository\log4j\log4j\1.2.17\log4j-1.2.17.jar;C:\Users\kaushal\.m2\repository\org\apache\logging\log4j\log4j-api\2.20.0\log4j-api-2.20.0.jar;C:\Users\kaushal\.m2\repository\org\apache\logging\log4j\log4j-core\2.20.0\log4j-core-2.20.0.jar;C:\Users\kaushal\.m2\repository\org\seleniumhq\selenium\selenium-remote-driver\4.24.0\selenium-remote-driver-4.24.0.jar;C:\Users\kaushal\.m2\repository\com\google\auto\service\auto-service-annotations\1.1.1\auto-service-annotations-1.1.1.jar;C:\Users\kaushal\.m2\repository\com\google\guava\guava\33.3.0-jre\guava-33.3.0-jre.jar;C:\Users\kaushal\.m2\repository\com\google\guava\failureaccess\1.0.2\failureaccess-1.0.2.jar;C:\Users\kaushal\.m2\repository\com\google\guava\listenablefuture\9999.0-empty-to-avoid-conflict-with-guava\listenablefuture-9999.0-empty-to-avoid-conflict-with-guava.jar;C:\Users\kaushal\.m2\repository\com\google\code\findbugs\jsr305\3.0.2\jsr305-3.0.2.jar;C:\Users\kaushal\.m2\repository\org\checkerframework\checker-qual\3.43.0\checker-qual-3.43.0.jar;C:\Users\kaushal\.m2\repository\com\google\j2objc\j2objc-annotations\3.0.0\j2objc-annotations-3.0.0.jar;C:\Users\kaushal\.m2\repository\io\opentelemetry\semconv\opentelemetry-semconv\1.25.0-alpha\opentelemetry-semconv-1.25.0-alpha.jar;C:\Users\kaushal\.m2\repository\io\opentelemetry\opentelemetry-api\1.41.0\opentelemetry-api-1.41.0.jar;C:\Users\kaushal\.m2\repository\io\opentelemetry\opentelemetry-context\1.41.0\opentelemetry-context-1.41.0.jar;C:\Users\kaushal\.m2\repository\io\opentelemetry\opentelemetry-exporter-logging\1.41.0\opentelemetry-exporter-logging-1.41.0.jar;C:\Users\kaushal\.m2\repository\io\opentelemetry\opentelemetry-sdk-common\1.41.0\opentelemetry-sdk-common-1.41.0.jar;C:\Users\kaushal\.m2\repository\io\opentelemetry\opentelemetry-sdk-extension-autoconfigure-spi\1.41.0\opentelemetry-sdk-extension-autoconfigure-spi-1.41.0.jar;C:\Users\kaushal\.m2\repository\io\opentelemetry\opentelemetry-sdk-extension-autoconfigure\1.41.0\opentelemetry-sdk-extension-autoconfigure-1.41.0.jar;C:\Users\kaushal\.m2\repository\io\opentelemetry\opentelemetry-api-incubator\1.41.0-alpha\opentelemetry-api-incubator-1.41.0-alpha.jar;C:\Users\kaushal\.m2\repository\io\opentelemetry\opentelemetry-sdk-trace\1.41.0\opentelemetry-sdk-trace-1.41.0.jar;C:\Users\kaushal\.m2\repository\io\opentelemetry\opentelemetry-sdk\1.41.0\opentelemetry-sdk-1.41.0.jar;C:\Users\kaushal\.m2\repository\io\opentelemetry\opentelemetry-sdk-metrics\1.41.0\opentelemetry-sdk-metrics-1.41.0.jar;C:\Users\kaushal\.m2\repository\io\opentelemetry\opentelemetry-sdk-logs\1.41.0\opentelemetry-sdk-logs-1.41.0.jar;C:\Users\kaushal\.m2\repository\net\bytebuddy\byte-buddy\1.15.0\byte-buddy-1.15.0.jar;C:\Users\kaushal\.m2\repository\org\seleniumhq\selenium\selenium-http\4.24.0\selenium-http-4.24.0.jar;C:\Users\kaushal\.m2\repository\dev\failsafe\failsafe\3.3.2\failsafe-3.3.2.jar;C:\Users\kaushal\.m2\repository\org\seleniumhq\selenium\selenium-json\4.24.0\selenium-json-4.24.0.jar;C:\Users\kaushal\.m2\repository\org\seleniumhq\selenium\selenium-manager\4.24.0\selenium-manager-4.24.0.jar;C:\Users\kaushal\.m2\repository\org\seleniumhq\selenium\selenium-os\4.24.0\selenium-os-4.24.0.jar;C:\Users\kaushal\.m2\repository\org\apache\commons\commons-exec\1.4.0\commons-exec-1.4.0.jar;"/>
    <property name="sun.cpu.endian" value="little"/>
    <property name="user.home" value="C:\Users\kaushal"/>
    <property name="user.language" value="en"/>
    <property name="java.specification.vendor" value="Oracle Corporation"/>
    <property name="java.version.date" value="2024-09-17"/>
    <property name="java.home" value="C:\Program Files\Java\jdk-23\Latest_JAVA_yo"/>
    <property name="file.separator" value="\"/>
    <property name="basedir" value="C:\Users\kaushal\Desktop\ECLIPSE_OCTOBER2024\ECLIPSE_OCTOBER2024_KAUSHAL-WS\APPIUM_FRAMEWORK_BHAVINI_18MAY25"/>
    <property name="java.vm.compressedOopsMode" value="Zero based"/>
    <property name="line.separator" value="&#10;"/>
    <property name="java.vm.specification.vendor" value="Oracle Corporation"/>
    <property name="java.specification.name" value="Java Platform API Specification"/>
    <property name="surefire.real.class.path" value="C:\Users\kaushal\AppData\Local\Temp\surefire6144205939560266835\surefirebooter-20250601163612598_3.jar"/>
    <property name="user.script" value=""/>
    <property name="sun.management.compiler" value="HotSpot 64-Bit Tiered Compilers"/>
    <property name="java.runtime.version" value="23+37-2369"/>
    <property name="user.name" value="kaushal"/>
    <property name="stdout.encoding" value="Cp1252"/>
    <property name="path.separator" value=";"/>
    <property name="os.version" value="10.0"/>
    <property name="java.runtime.name" value="Java(TM) SE Runtime Environment"/>
    <property name="file.encoding" value="UTF-8"/>
    <property name="java.vm.name" value="Java HotSpot(TM) 64-Bit Server VM"/>
    <property name="localRepository" value="C:\Users\kaushal\.m2\repository"/>
    <property name="java.vendor.url.bug" value="https://bugreport.java.com/bugreport/"/>
    <property name="java.io.tmpdir" value="C:\Users\kaushal\AppData\Local\Temp\"/>
    <property name="java.version" value="23"/>
    <property name="user.dir" value="C:\Users\kaushal\Desktop\ECLIPSE_OCTOBER2024\ECLIPSE_OCTOBER2024_KAUSHAL-WS\APPIUM_FRAMEWORK_BHAVINI_18MAY25"/>
    <property name="os.arch" value="amd64"/>
    <property name="java.vm.specification.name" value="Java Virtual Machine Specification"/>
    <property name="sun.os.patch.level" value=""/>
    <property name="native.encoding" value="Cp1252"/>
    <property name="java.library.path" value="C:\Program Files\Java\jdk-23\Latest_JAVA_yo\bin;C:\WINDOWS\Sun\Java\bin;C:\WINDOWS\system32;C:\WINDOWS;C:\Program Files\apache-maven-3.9.6/bin;C:\Program Files\Java\jdk-23\Latest_JAVA_yo/bin;C:\Program Files\Java\jdk-23\Latest_JAVA_yo/bin;C:\Program Files\Common Files\Oracle\Java\javapath;C:\Program Files (x86)\Common Files\Oracle\Java\java8path;C:\Program Files (x86)\Common Files\Oracle\Java\javapath;C:\WINDOWS\system32;C:\WINDOWS;C:\WINDOWS\System32\Wbem;C:\WINDOWS\System32\WindowsPowerShell\v1.0\;C:\WINDOWS\System32\OpenSSH\;C:\Program Files\dotnet\;C:\Program Files\Java\jdk-11\bin;C:\Program Files\nodejs\;C:\Users\kaushal\Downloads\apache-maven-3.9.6-bin.zip\apache-maven-3.9.6\bin;C:\Program Files\apache-maven-3.9.6\bin;C:\Users\kaushal\AppData\Local\Android\Sdk\platform-tools;C:\Users\kaushal\AppData\Local\Android\Sdk;C:\Users\kaushal\AppData\Local\Android\Sdk\platforms;C:\Program Files\Java\jdk-23\Latest_JAVA_yo\bin;C:\Users\kaushal\AppData\Local\Android\Sdk\tools;C:\Users\kaushal\AppData\Local\Microsoft\WindowsApps;;C:\Program Files\JetBrains\IntelliJ IDEA 2023.3.4\bin;;C:\Users\kaushal\AppData\Roaming\npm;."/>
    <property name="java.vm.info" value="mixed mode, sharing"/>
    <property name="stderr.encoding" value="Cp1252"/>
    <property name="java.vendor" value="Oracle Corporation"/>
    <property name="java.vm.version" value="23+37-2369"/>
    <property name="sun.io.unicode.encoding" value="UnicodeLittle"/>
    <property name="java.class.version" value="67.0"/>
  </properties>
  <testcase name="validateGetStartedButton" classname="TestCases.FlipboardLoginTest" time="0.059">
    <failure message="An unknown server-side error occurred while processing the command. Original error: &apos;POST /element&apos; cannot be proxied to UiAutomator2 server because the instrumentation process is not running (probably crashed). Check the server log and/or the logcat output for more details&#10;Build info: version: &apos;4.33.0&apos;, revision: &apos;2c6aaad03a&apos;&#10;System info: os.name: &apos;Windows 11&apos;, os.arch: &apos;amd64&apos;, os.version: &apos;10.0&apos;, java.version: &apos;23&apos;&#10;Driver info: io.appium.java_client.android.AndroidDriver&#10;Command: [c636cf10-66e0-488d-b9c5-510f2057effe, findElement {value=flipboard.app:id/first_launch_cover_continue, using=id}]&#10;Capabilities {appium:adbExecTimeout: 100000, appium:appActivity: flipboard.activities.FirstL..., appium:appPackage: flipboard.app, appium:autoGrantPermissions: true, appium:automationName: UiAutomator2, appium:databaseEnabled: false, appium:desired: {adbExecTimeout: 100000, appActivity: flipboard.activities.FirstL..., appPackage: flipboard.app, autoGrantPermissions: true, automationName: UiAutomator2, deviceName: 192.168.1.155:43581 , noReset: true, platformName: ANDROID, platformVersion: 14, uiautomator2ServerLaunchTimeout: 100000}, appium:deviceApiLevel: 34, appium:deviceManufacturer: Google, appium:deviceModel: sdk_gphone64_x86_64, appium:deviceName: emulator-5554, appium:deviceScreenDensity: 420, appium:deviceScreenSize: 1080x2400, appium:deviceUDID: emulator-5554, appium:javascriptEnabled: true, appium:locationContextEnabled: false, appium:networkConnectionEnabled: true, appium:noReset: true, appium:pixelRatio: 2.625, appium:platformVersion: 14, appium:statBarHeight: 128, appium:takesScreenshot: true, appium:uiautomator2ServerLaunchTimeout: 100000, appium:viewportRect: {height: 2272, left: 0, top: 128, width: 1080}, appium:warnings: {}, appium:webStorageEnabled: false, platformName: ANDROID}&#10;Session ID: c636cf10-66e0-488d-b9c5-510f2057effe" type="org.openqa.selenium.WebDriverException"><![CDATA[org.openqa.selenium.WebDriverException: 
An unknown server-side error occurred while processing the command. Original error: 'POST /element' cannot be proxied to UiAutomator2 server because the instrumentation process is not running (probably crashed). Check the server log and/or the logcat output for more details
Build info: version: '4.33.0', revision: '2c6aaad03a'
System info: os.name: 'Windows 11', os.arch: 'amd64', os.version: '10.0', java.version: '23'
Driver info: io.appium.java_client.android.AndroidDriver
Command: [c636cf10-66e0-488d-b9c5-510f2057effe, findElement {value=flipboard.app:id/first_launch_cover_continue, using=id}]
Capabilities {appium:adbExecTimeout: 100000, appium:appActivity: flipboard.activities.FirstL..., appium:appPackage: flipboard.app, appium:autoGrantPermissions: true, appium:automationName: UiAutomator2, appium:databaseEnabled: false, appium:desired: {adbExecTimeout: 100000, appActivity: flipboard.activities.FirstL..., appPackage: flipboard.app, autoGrantPermissions: true, automationName: UiAutomator2, deviceName: 192.168.1.155:43581 , noReset: true, platformName: ANDROID, platformVersion: 14, uiautomator2ServerLaunchTimeout: 100000}, appium:deviceApiLevel: 34, appium:deviceManufacturer: Google, appium:deviceModel: sdk_gphone64_x86_64, appium:deviceName: emulator-5554, appium:deviceScreenDensity: 420, appium:deviceScreenSize: 1080x2400, appium:deviceUDID: emulator-5554, appium:javascriptEnabled: true, appium:locationContextEnabled: false, appium:networkConnectionEnabled: true, appium:noReset: true, appium:pixelRatio: 2.625, appium:platformVersion: 14, appium:statBarHeight: 128, appium:takesScreenshot: true, appium:uiautomator2ServerLaunchTimeout: 100000, appium:viewportRect: {height: 2272, left: 0, top: 128, width: 1080}, appium:warnings: {}, appium:webStorageEnabled: false, platformName: ANDROID}
Session ID: c636cf10-66e0-488d-b9c5-510f2057effe
	at java.base/jdk.internal.reflect.DirectConstructorHandleAccessor.newInstance(DirectConstructorHandleAccessor.java:62)
	at java.base/java.lang.reflect.Constructor.newInstanceWithCaller(Constructor.java:501)
	at java.base/java.lang.reflect.Constructor.newInstance(Constructor.java:485)
	at org.openqa.selenium.remote.ErrorCodec.decode(ErrorCodec.java:167)
	at org.openqa.selenium.remote.codec.w3c.W3CHttpResponseCodec.decode(W3CHttpResponseCodec.java:138)
	at org.openqa.selenium.remote.codec.w3c.W3CHttpResponseCodec.decode(W3CHttpResponseCodec.java:50)
	at org.openqa.selenium.remote.HttpCommandExecutor.execute(HttpCommandExecutor.java:190)
	at io.appium.java_client.remote.AppiumCommandExecutor.execute(AppiumCommandExecutor.java:237)
	at org.openqa.selenium.remote.RemoteWebDriver.execute(RemoteWebDriver.java:545)
	at org.openqa.selenium.remote.ElementLocation$ElementFinder$2.findElement(ElementLocation.java:165)
	at org.openqa.selenium.remote.ElementLocation.findElement(ElementLocation.java:66)
	at org.openqa.selenium.remote.RemoteWebDriver.findElement(RemoteWebDriver.java:368)
	at org.openqa.selenium.remote.RemoteWebDriver.findElement(RemoteWebDriver.java:362)
	at io.appium.java_client.pagefactory.bys.builder.ByChained.lambda$getSearchingFunction$0(ByChained.java:41)
	at org.openqa.selenium.support.ui.FluentWait.until(FluentWait.java:203)
	at io.appium.java_client.pagefactory.bys.builder.ByChained.findElement(ByChained.java:72)
	at org.openqa.selenium.remote.ElementLocation$ElementFinder$1.findElement(ElementLocation.java:139)
	at org.openqa.selenium.remote.ElementLocation.findElement(ElementLocation.java:81)
	at org.openqa.selenium.remote.RemoteWebDriver.findElement(RemoteWebDriver.java:368)
	at org.openqa.selenium.remote.RemoteWebDriver.findElement(RemoteWebDriver.java:362)
	at io.appium.java_client.pagefactory.bys.ContentMappedBy.findElement(ContentMappedBy.java:54)
	at org.openqa.selenium.remote.ElementLocation$ElementFinder$1.findElement(ElementLocation.java:139)
	at org.openqa.selenium.remote.ElementLocation.findElement(ElementLocation.java:81)
	at org.openqa.selenium.remote.RemoteWebDriver.findElement(RemoteWebDriver.java:368)
	at org.openqa.selenium.remote.RemoteWebDriver.findElement(RemoteWebDriver.java:362)
	at io.appium.java_client.pagefactory.AppiumElementLocator.lambda$findElement$1(AppiumElementLocator.java:160)
	at io.appium.java_client.pagefactory.AppiumElementLocator$WaitingFunction.apply(AppiumElementLocator.java:217)
	at io.appium.java_client.pagefactory.AppiumElementLocator$WaitingFunction.apply(AppiumElementLocator.java:210)
	at org.openqa.selenium.support.ui.FluentWait.until(FluentWait.java:203)
	at io.appium.java_client.pagefactory.AppiumElementLocator.waitFor(AppiumElementLocator.java:135)
	at io.appium.java_client.pagefactory.AppiumElementLocator.findElement(AppiumElementLocator.java:160)
	at io.appium.java_client.pagefactory.interceptors.InterceptorOfASingleElement.call(InterceptorOfASingleElement.java:75)
	at io.appium.java_client.proxy.Interceptor.intercept(Interceptor.java:78)
	at org.openqa.selenium.remote.RemoteWebElement$ByteBuddy$SrRsDta5.click(Unknown Source)
	at Screens.LoginScreen.clickGetStartedbutton(LoginScreen.java:30)
	at TestCases.FlipboardLoginTest.validateGetStartedButton(FlipboardLoginTest.java:34)
	at java.base/jdk.internal.reflect.DirectMethodHandleAccessor.invoke(DirectMethodHandleAccessor.java:103)
	at java.base/java.lang.reflect.Method.invoke(Method.java:580)
	at org.testng.internal.invokers.MethodInvocationHelper.invokeMethod(MethodInvocationHelper.java:139)
	at org.testng.internal.invokers.TestInvoker.invokeMethod(TestInvoker.java:664)
	at org.testng.internal.invokers.TestInvoker.invokeTestMethod(TestInvoker.java:228)
	at org.testng.internal.invokers.MethodRunner.runInSequence(MethodRunner.java:63)
	at org.testng.internal.invokers.TestInvoker$MethodInvocationAgent.invoke(TestInvoker.java:961)
	at org.testng.internal.invokers.TestInvoker.invokeTestMethods(TestInvoker.java:201)
	at org.testng.internal.invokers.TestMethodWorker.invokeTestMethods(TestMethodWorker.java:148)
	at org.testng.internal.invokers.TestMethodWorker.run(TestMethodWorker.java:128)
	at java.base/java.util.ArrayList.forEach(ArrayList.java:1597)
	at org.testng.TestRunner.privateRun(TestRunner.java:819)
	at org.testng.TestRunner.run(TestRunner.java:619)
	at org.testng.SuiteRunner.runTest(SuiteRunner.java:443)
	at org.testng.SuiteRunner.runSequentially(SuiteRunner.java:437)
	at org.testng.SuiteRunner.privateRun(SuiteRunner.java:397)
	at org.testng.SuiteRunner.run(SuiteRunner.java:336)
	at org.testng.SuiteRunnerWorker.runSuite(SuiteRunnerWorker.java:52)
	at org.testng.SuiteRunnerWorker.run(SuiteRunnerWorker.java:95)
	at org.testng.TestNG.runSuitesSequentially(TestNG.java:1301)
	at org.testng.TestNG.runSuitesLocally(TestNG.java:1228)
	at org.testng.TestNG.runSuites(TestNG.java:1134)
	at org.testng.TestNG.run(TestNG.java:1101)
	at org.apache.maven.surefire.testng.TestNGExecutor.run(TestNGExecutor.java:155)
	at org.apache.maven.surefire.testng.TestNGDirectoryTestSuite.executeMulti(TestNGDirectoryTestSuite.java:169)
	at org.apache.maven.surefire.testng.TestNGDirectoryTestSuite.execute(TestNGDirectoryTestSuite.java:88)
	at org.apache.maven.surefire.testng.TestNGProvider.invoke(TestNGProvider.java:137)
	at org.apache.maven.surefire.booter.ForkedBooter.runSuitesInProcess(ForkedBooter.java:385)
	at org.apache.maven.surefire.booter.ForkedBooter.execute(ForkedBooter.java:162)
	at org.apache.maven.surefire.booter.ForkedBooter.run(ForkedBooter.java:507)
	at org.apache.maven.surefire.booter.ForkedBooter.main(ForkedBooter.java:495)
]]></failure>
    <system-out><![CDATA[ hello  setUp 
 hello  if calling prop file--->(loadPropertyFile.startsWith("Android_" 
 log file == src\test\resources\logs\logsFromAppium.txt
old logsFile deleted 
 new file created ?? 
Appium JS Path in StartAppiumServer: true
service value in appium start function  == ? io.appium.java_client.service.local.AppiumDriverLocalService@294e5088
Tried to attach logging to file 'C:\Users\kaushal\Desktop\ECLIPSE_OCTOBER2024\ECLIPSE_OCTOBER2024_KAUSHAL-WS\APPIUM_FRAMEWORK_BHAVINI_18MAY25\src\test\resources\logs\logsFromAppium.txt' but an error occurred: EBUSY: resource busy or locked, unlink 'C:\Users\kaushal\Desktop\ECLIPSE_OCTOBER2024\ECLIPSE_OCTOBER2024_KAUSHAL-WS\APPIUM_FRAMEWORK_BHAVINI_18MAY25\src\test\resources\logs\logsFromAppium.txt'
&amp#27;[38;5;112m[Appium]&amp#27;[0m Welcome to Appium v2.11.5
&amp#27;[38;5;112m[Appium]&amp#27;[0m Non-default server args:
&amp#27;[38;5;112m[Appium]&amp#27;[0m { basePath: &amp#27;[32m'/'&amp#27;[39m, localTimezone: &amp#27;[33mtrue&amp#27;[39m }
&amp#27;[38;5;112m[Appium]&amp#27;[0m The autodetected Appium home path: C:\Users\kaushal\.appium
&amp#27;[38;5;112m[Appium]&amp#27;[0m Attempting to load driver uiautomator2...
&amp#27;[38;5;112m[Appium]&amp#27;[0m Attempting to load driver chromium...
&amp#27;[38;5;112m[Appium]&amp#27;[0m Attempting to load driver windows...
&amp#27;[38;5;112m[Appium]&amp#27;[0m Requiring driver at C:\Users\kaushal\.appium\node_modules\appium-uiautomator2-driver\build\index.js
&amp#27;[38;5;112m[Appium]&amp#27;[0m Requiring driver at C:\Users\kaushal\.appium\node_modules\appium-chromium-driver\index.js
&amp#27;[38;5;112m[Appium]&amp#27;[0m Requiring driver at C:\Users\kaushal\.appium\node_modules\appium-windows-driver\build\index.js
&amp#27;[38;5;112m[Appium]&amp#27;[0m AndroidUiautomator2Driver has been successfully loaded in 5.403s
&amp#27;[38;5;112m[Appium]&amp#27;[0m ChromiumDriver has been successfully loaded in 5.403s
&amp#27;[38;5;112m[Appium]&amp#27;[0m WindowsDriver has been successfully loaded in 5.402s
&amp#27;[38;5;112m[Appium]&amp#27;[0m Appium REST http interface listener started on http://0.0.0.0:4723
&amp#27;[38;5;112m[Appium]&amp#27;[0m You can provide the following URLs in your client code to connect to this server:
	http://192.168.1.151:4723/
	http://127.0.0.1:4723/ (only accessible from the same host)
&amp#27;[38;5;112m[Appium]&amp#27;[0m Available drivers:
&amp#27;[38;5;112m[Appium]&amp#27;[0m   - uiautomator2@3.8.0 (automationName 'UiAutomator2')
&amp#27;[38;5;112m[Appium]&amp#27;[0m   - chromium@1.3.45 (automationName 'Chromium')
&amp#27;[38;5;112m[Appium]&amp#27;[0m   - windows@3.0.2 (automationName 'Windows')
&amp#27;[38;5;112m[Appium]&amp#27;[0m No plugins have been installed. Use the "appium plugin" command to install the one(s) you want to use.
&amp#27;[38;5;86m[HTTP]&amp#27;[0m &amp#27;[37m-->&amp#27;[39m &amp#27;[37mGET&amp#27;[39m &amp#27;[37m/status&amp#27;[39m &amp#27;[90m{}&amp#27;[39m
&amp#27;[38;5;157m[AppiumDriver@461d]&amp#27;[0m Calling AppiumDriver.getStatus() with args: []
&amp#27;[38;5;157m[AppiumDriver@461d]&amp#27;[0m Responding to client with driver.getStatus() result: {"ready":true,"message":"The server is ready to accept new connections","build":{"version":"2.11.5"}}
&amp#27;[38;5;86m[HTTP]&amp#27;[0m &amp#27;[37m<-- GET /status &amp#27;[39m&amp#27;[32m200&amp#27;[39m &amp#27;[90m53 ms - 111&amp#27;[39m &amp#27;[90m&amp#27;[39m
!!! appium server started !!!!
 appiumUrl ===>> http://0.0.0.0:4723/
&amp#27;[38;5;86m[HTTP]&amp#27;[0m &amp#27;[37m-->&amp#27;[39m &amp#27;[37mGET&amp#27;[39m &amp#27;[37m/status&amp#27;[39m &amp#27;[90m{}&amp#27;[39m
&amp#27;[38;5;157m[AppiumDriver@461d]&amp#27;[0m Calling AppiumDriver.getStatus() with args: []
&amp#27;[38;5;157m[AppiumDriver@461d]&amp#27;[0m Responding to client with driver.getStatus() result: {"ready":true,"message":"The server is ready to accept new connections","build":{"version":"2.11.5"}}
✅✅✅ Appium server started at: http://0.0.0.0:4723/
 hello  appium server STARTED 
&amp#27;[38;5;86m[HTTP]&amp#27;[0m &amp#27;[37m<-- GET /status &amp#27;[39m&amp#27;[32m200&amp#27;[39m &amp#27;[90m4 ms - 111&amp#27;[39m &amp#27;[90m&amp#27;[39m
IMPLICIT_WAIT_TIME from property file = 10
EXPLICIT_WAIT_TIME from property file = 10
 XXXXXXXXXXXXXXXXXXXXXXXXXXXXXXXXXX app path is === "C:UserskaushalDesktopECLIPSE_OCTOBER2024ECLIPSE_OCTOBER2024_KAUSHAL-WSAPPIUM_FRAMEWORK_BHAVINI_18MAY25APKFileFLIPBOARD.apk"
PLATFORM_NAME === android
Setting mobile capabilities
Capabilities set with UiAutomator2Options-- OK OK SET CAPABILITIES  
Appium server URL: in common utils ==>APPIUM_PORT  =====> http://127.0.0.1:4723/
&amp#27;[38;5;86m[HTTP]&amp#27;[0m Request idempotency key: bd9b3c9a-52a7-49be-9eab-58c9cffdaab6
&amp#27;[38;5;86m[HTTP]&amp#27;[0m &amp#27;[37m-->&amp#27;[39m &amp#27;[37mPOST&amp#27;[39m &amp#27;[37m/session&amp#27;[39m &amp#27;[90m{"capabilities":{"firstMatch":[{"appium:noReset":true,"appium:uiautomator2ServerLaunchTimeout":100000,"appium:autoGrantPermissions":true,"appium:adbExecTimeout":100000,"appium:appActivity":"flipboard.activities.FirstLaunchCoverActivity","appium:deviceName":"192.168.1.155:43581 ","platformName":"ANDROID","appium:automationName":"UiAutomator2","appium:platformVersion":"14","appium:appPackage":"flipboard.app"}]}}&amp#27;[39m
&amp#27;[38;5;157m[AppiumDriver@461d]&amp#27;[0m Calling AppiumDriver.createSession() with args: [null,null,{"firstMatch":[{"appium:noReset":true,"appium:uiautomator2ServerLaunchTimeout":100000,"appium:autoGrantPermissions":true,"appium:adbExecTimeout":100000,"appium:appActivity":"flipboard.activities.FirstLaunchCoverActivity","appium:deviceName":"192.168.1.155:43581 ","platformName":"ANDROID","appium:automationName":"UiAutomator2","appium:platformVersion":"14","appium:appPackage":"flipboard.app"}]}]
&amp#27;[38;5;157m[AppiumDriver@461d]&amp#27;[0m Event 'newSessionRequested' logged at 1748775989602 (16:36:29 GMT+0530 (India Standard Time))
&amp#27;[38;5;112m[Appium]&amp#27;[0m Attempting to find matching driver for automationName 'UiAutomator2' and platformName 'ANDROID'
&amp#27;[38;5;112m[Appium]&amp#27;[0m The 'uiautomator2' driver was installed and matched caps.
&amp#27;[38;5;112m[Appium]&amp#27;[0m Will require it at C:\Users\kaushal\.appium\node_modules\appium-uiautomator2-driver
&amp#27;[38;5;112m[Appium]&amp#27;[0m Requiring driver at C:\Users\kaushal\.appium\node_modules\appium-uiautomator2-driver\build\index.js
&amp#27;[38;5;157m[AppiumDriver@461d]&amp#27;[0m Appium v2.11.5 creating new AndroidUiautomator2Driver (v3.8.0) session
&amp#27;[38;5;157m[AppiumDriver@461d]&amp#27;[0m Checking BaseDriver versions for Appium and AndroidUiautomator2Driver
&amp#27;[38;5;157m[AppiumDriver@461d]&amp#27;[0m Appium's BaseDriver version is 9.11.5
&amp#27;[38;5;157m[AppiumDriver@461d]&amp#27;[0m AndroidUiautomator2Driver's BaseDriver version is 9.11.5
&amp#27;[38;5;-20m[AndroidUiautomator2Driver@24da]&amp#27;[0m 
&amp#27;[38;5;-20m[AndroidUiautomator2Driver@24da]&amp#27;[0m Creating session with W3C capabilities: {
  "alwaysMatch": {
    "platformName": "ANDROID",
    "appium:noReset": true,
    "appium:uiautomator2ServerLaunchTimeout": 100000,
    "appium:autoGrantPermissions": true,
    "appium:adbExecTimeout": 100000,
    "appium:appActivity": "flipboard.activities.FirstLaunchCoverActivity",
    "appium:deviceName": "192.168.1.155:43581 ",
    "appium:automationName": "UiAutomator2",
    "appium:platformVersion": "14",
    "appium:appPackage": "flipboard.app"
  },
  "firstMatch": [
    {}
  ]
}
&amp#27;[38;5;24m[c636cf10]&amp#27;[0m&amp#27;[38;5;-20m[AndroidUiautomator2Driver@24da]&amp#27;[0m Session created with session id: c636cf10-66e0-488d-b9c5-510f2057effe
&amp#27;[38;5;24m[c636cf10]&amp#27;[0m&amp#27;[38;5;229m[ADB]&amp#27;[0m Found 2 'build-tools' folders under 'C:\Users\kaushal\AppData\Local\Android\Sdk' (newest first):
&amp#27;[38;5;24m[c636cf10]&amp#27;[0m&amp#27;[38;5;229m[ADB]&amp#27;[0m     C:\Users\kaushal\AppData\Local\Android\Sdk\build-tools\35.0.0
&amp#27;[38;5;24m[c636cf10]&amp#27;[0m&amp#27;[38;5;229m[ADB]&amp#27;[0m     C:\Users\kaushal\AppData\Local\Android\Sdk\build-tools\34.0.0
&amp#27;[38;5;24m[c636cf10]&amp#27;[0m&amp#27;[38;5;229m[ADB]&amp#27;[0m Using 'adb.exe' from 'C:\Users\kaushal\AppData\Local\Android\Sdk\platform-tools\adb.exe'
&amp#27;[38;5;24m[c636cf10]&amp#27;[0m&amp#27;[38;5;229m[ADB]&amp#27;[0m Running 'C:\Users\kaushal\AppData\Local\Android\Sdk\platform-tools\adb.exe -P 5037 start-server'
&amp#27;[38;5;24m[c636cf10]&amp#27;[0m&amp#27;[38;5;-20m[AndroidUiautomator2Driver@24da]&amp#27;[0m Retrieving device list
&amp#27;[38;5;24m[c636cf10]&amp#27;[0m&amp#27;[38;5;229m[ADB]&amp#27;[0m Trying to find connected Android devices
&amp#27;[38;5;24m[c636cf10]&amp#27;[0m&amp#27;[38;5;229m[ADB]&amp#27;[0m Getting connected devices
&amp#27;[38;5;24m[c636cf10]&amp#27;[0m&amp#27;[38;5;229m[ADB]&amp#27;[0m Connected devices: [{"udid":"emulator-5554","state":"device"}]
&amp#27;[38;5;24m[c636cf10]&amp#27;[0m&amp#27;[38;5;-20m[AndroidUiautomator2Driver@24da]&amp#27;[0m Looking for a device with Android '14.0.0'
&amp#27;[38;5;24m[c636cf10]&amp#27;[0m&amp#27;[38;5;229m[ADB]&amp#27;[0m Setting device id to emulator-5554
&amp#27;[38;5;24m[c636cf10]&amp#27;[0m&amp#27;[38;5;229m[ADB]&amp#27;[0m Getting device platform version
&amp#27;[38;5;24m[c636cf10]&amp#27;[0m&amp#27;[38;5;229m[ADB]&amp#27;[0m Running 'C:\Users\kaushal\AppData\Local\Android\Sdk\platform-tools\adb.exe -P 5037 -s emulator-5554 shell getprop ro.build.version.release'
&amp#27;[38;5;24m[c636cf10]&amp#27;[0m&amp#27;[38;5;229m[ADB]&amp#27;[0m Current device property 'ro.build.version.release': 14
&amp#27;[38;5;24m[c636cf10]&amp#27;[0m&amp#27;[38;5;-20m[AndroidUiautomator2Driver@24da]&amp#27;[0m Using device: emulator-5554
&amp#27;[38;5;24m[c636cf10]&amp#27;[0m&amp#27;[38;5;229m[ADB]&amp#27;[0m Using 'adb.exe' from 'C:\Users\kaushal\AppData\Local\Android\Sdk\platform-tools\adb.exe'
&amp#27;[38;5;24m[c636cf10]&amp#27;[0m&amp#27;[38;5;229m[ADB]&amp#27;[0m Running 'C:\Users\kaushal\AppData\Local\Android\Sdk\platform-tools\adb.exe -P 5037 start-server'
&amp#27;[38;5;24m[c636cf10]&amp#27;[0m&amp#27;[38;5;229m[ADB]&amp#27;[0m Setting device id to emulator-5554
&amp#27;[38;5;24m[c636cf10]&amp#27;[0m&amp#27;[38;5;-20m[AndroidUiautomator2Driver@24da]&amp#27;[0m Starting 'flipboard.app' directly on the device
&amp#27;[38;5;24m[c636cf10]&amp#27;[0m&amp#27;[38;5;229m[ADB]&amp#27;[0m Running 'C:\Users\kaushal\AppData\Local\Android\Sdk\platform-tools\adb.exe -P 5037 -s emulator-5554 shell getprop ro.build.version.sdk'
&amp#27;[38;5;24m[c636cf10]&amp#27;[0m&amp#27;[38;5;229m[ADB]&amp#27;[0m Current device property 'ro.build.version.sdk': 34
&amp#27;[38;5;24m[c636cf10]&amp#27;[0m&amp#27;[38;5;229m[ADB]&amp#27;[0m Getting device platform version
&amp#27;[38;5;24m[c636cf10]&amp#27;[0m&amp#27;[38;5;229m[ADB]&amp#27;[0m Running 'C:\Users\kaushal\AppData\Local\Android\Sdk\platform-tools\adb.exe -P 5037 -s emulator-5554 shell getprop ro.build.version.release'
&amp#27;[38;5;24m[c636cf10]&amp#27;[0m&amp#27;[38;5;229m[ADB]&amp#27;[0m Current device property 'ro.build.version.release': 14
&amp#27;[38;5;24m[c636cf10]&amp#27;[0m&amp#27;[38;5;229m[ADB]&amp#27;[0m Device API level: 34
&amp#27;[38;5;24m[c636cf10]&amp#27;[0m&amp#27;[38;5;-20m[AndroidUiautomator2Driver@24da]&amp#27;[0m Relaxing hidden api policy
&amp#27;[38;5;24m[c636cf10]&amp#27;[0m&amp#27;[38;5;229m[ADB]&amp#27;[0m Running 'C:\Users\kaushal\AppData\Local\Android\Sdk\platform-tools\adb.exe -P 5037 -s emulator-5554 shell 'settings put global hidden_api_policy_pre_p_apps 1;settings put global hidden_api_policy_p_apps 1;settings put global hidden_api_policy 1''
&amp#27;[38;5;24m[c636cf10]&amp#27;[0m&amp#27;[38;5;-20m[AndroidUiautomator2Driver@24da]&amp#27;[0m No app sent in, not parsing package/activity
&amp#27;[38;5;24m[c636cf10]&amp#27;[0m&amp#27;[38;5;229m[ADB]&amp#27;[0m Running 'C:\Users\kaushal\AppData\Local\Android\Sdk\platform-tools\adb.exe -P 5037 -s emulator-5554 wait-for-device'
&amp#27;[38;5;24m[c636cf10]&amp#27;[0m&amp#27;[38;5;229m[ADB]&amp#27;[0m Running 'C:\Users\kaushal\AppData\Local\Android\Sdk\platform-tools\adb.exe -P 5037 -s emulator-5554 shell echo ping'
&amp#27;[38;5;24m[c636cf10]&amp#27;[0m&amp#27;[38;5;-20m[AndroidUiautomator2Driver@24da]&amp#27;[0m Pushing settings apk to the device...
&amp#27;[38;5;24m[c636cf10]&amp#27;[0m&amp#27;[38;5;229m[ADB]&amp#27;[0m Getting package info for 'io.appium.settings'
&amp#27;[38;5;24m[c636cf10]&amp#27;[0m&amp#27;[38;5;229m[ADB]&amp#27;[0m Running 'C:\Users\kaushal\AppData\Local\Android\Sdk\platform-tools\adb.exe -P 5037 -s emulator-5554 shell dumpsys package io.appium.settings'
&amp#27;[38;5;24m[c636cf10]&amp#27;[0m&amp#27;[38;5;229m[ADB]&amp#27;[0m Using 'aapt2.exe' from 'C:\Users\kaushal\AppData\Local\Android\Sdk\build-tools\35.0.0\aapt2.exe'
&amp#27;[38;5;24m[c636cf10]&amp#27;[0m&amp#27;[38;5;229m[ADB]&amp#27;[0m Reading package manifest: 'C:\\Users\\kaushal\\AppData\\Local\\Android\\Sdk\\build-tools\\35.0.0\\aapt2.exe dump badging C:\\Users\\kaushal\\.appium\\node_modules\\appium-uiautomator2-driver\\node_modules\\io.appium.settings\\apks\\settings_apk-debug.apk'
&amp#27;[38;5;24m[c636cf10]&amp#27;[0m&amp#27;[38;5;229m[ADB]&amp#27;[0m The version name of the installed 'io.appium.settings' is greater or equal to the application version name ('5.12.13' >= '5.12.13')
&amp#27;[38;5;24m[c636cf10]&amp#27;[0m&amp#27;[38;5;229m[ADB]&amp#27;[0m There is no need to install/upgrade 'C:\Users\kaushal\.appium\node_modules\appium-uiautomator2-driver\node_modules\io.appium.settings\apks\settings_apk-debug.apk'
&amp#27;[38;5;24m[c636cf10]&amp#27;[0m&amp#27;[38;5;229m[ADB]&amp#27;[0m Running 'C:\Users\kaushal\AppData\Local\Android\Sdk\platform-tools\adb.exe -P 5037 -s emulator-5554 shell dumpsys activity services io.appium.settings'
&amp#27;[38;5;24m[c636cf10]&amp#27;[0m&amp#27;[38;5;-20m[AndroidUiautomator2Driver@24da]&amp#27;[0m io.appium.settings is already running. There is no need to reset its permissions.
&amp#27;[38;5;24m[c636cf10]&amp#27;[0m&amp#27;[38;5;160m[Logcat]&amp#27;[0m Starting logs capture with command: C:\\Users\\kaushal\\AppData\\Local\\Android\\Sdk\\platform-tools\\adb.exe -P 5037 -s emulator-5554 logcat -v threadtime
&amp#27;[38;5;24m[c636cf10]&amp#27;[0m&amp#27;[38;5;-20m[AndroidUiautomator2Driver@24da]&amp#27;[0m Forwarding UiAutomator2 Server port 6790 to local port 8200
&amp#27;[38;5;24m[c636cf10]&amp#27;[0m&amp#27;[38;5;229m[ADB]&amp#27;[0m Forwarding system: 8200 to device: 6790
&amp#27;[38;5;24m[c636cf10]&amp#27;[0m&amp#27;[38;5;229m[ADB]&amp#27;[0m Running 'C:\Users\kaushal\AppData\Local\Android\Sdk\platform-tools\adb.exe -P 5037 -s emulator-5554 forward tcp:8200 tcp:6790'
&amp#27;[38;5;24m[c636cf10]&amp#27;[0m&amp#27;[38;5;229m[ADB]&amp#27;[0m Getting package info for 'io.appium.uiautomator2.server'
&amp#27;[38;5;24m[c636cf10]&amp#27;[0m&amp#27;[38;5;229m[ADB]&amp#27;[0m Running 'C:\Users\kaushal\AppData\Local\Android\Sdk\platform-tools\adb.exe -P 5037 -s emulator-5554 shell dumpsys package io.appium.uiautomator2.server'
&amp#27;[38;5;24m[c636cf10]&amp#27;[0m&amp#27;[38;5;229m[ADB]&amp#27;[0m Getting install status for io.appium.uiautomator2.server.test
&amp#27;[38;5;24m[c636cf10]&amp#27;[0m&amp#27;[38;5;-20m[AndroidUiautomator2Driver@24da]&amp#27;[0m No app capability. Assuming it is already on the device
&amp#27;[38;5;24m[c636cf10]&amp#27;[0m&amp#27;[38;5;229m[ADB]&amp#27;[0m Running 'C:\Users\kaushal\AppData\Local\Android\Sdk\platform-tools\adb.exe -P 5037 -s emulator-5554 shell cmd package list packages'
&amp#27;[38;5;24m[c636cf10]&amp#27;[0m&amp#27;[38;5;229m[ADB]&amp#27;[0m Reading package manifest: 'C:\\Users\\kaushal\\AppData\\Local\\Android\\Sdk\\build-tools\\35.0.0\\aapt2.exe dump badging C:\\Users\\kaushal\\.appium\\node_modules\\appium-uiautomator2-driver\\node_modules\\appium-uiautomator2-server\\apks\\appium-uiautomator2-server-v7.0.25.apk'
&amp#27;[38;5;24m[c636cf10]&amp#27;[0m&amp#27;[38;5;229m[ADB]&amp#27;[0m 'io.appium.uiautomator2.server.test' is installed
&amp#27;[38;5;24m[c636cf10]&amp#27;[0m&amp#27;[38;5;229m[ADB]&amp#27;[0m The version name of the installed 'io.appium.uiautomator2.server' is greater or equal to the application version name ('7.0.25' >= '7.0.25')
&amp#27;[38;5;24m[c636cf10]&amp#27;[0m&amp#27;[38;5;-20m[AndroidUiautomator2Driver@24da]&amp#27;[0m Server packages status: [{"installState":"sameVersionInstalled","appPath":"C:\\Users\\kaushal\\.appium\\node_modules\\appium-uiautomator2-driver\\node_modules\\appium-uiautomator2-server\\apks\\appium-uiautomator2-server-v7.0.25.apk","appId":"io.appium.uiautomator2.server"},{"installState":"sameVersionInstalled","appPath":"C:\\Users\\kaushal\\.appium\\node_modules\\appium-uiautomator2-driver\\node_modules\\appium-uiautomator2-server\\apks\\appium-uiautomator2-server-debug-androidTest.apk","appId":"io.appium.uiautomator2.server.test"}]
&amp#27;[38;5;24m[c636cf10]&amp#27;[0m&amp#27;[38;5;-20m[AndroidUiautomator2Driver@24da]&amp#27;[0m Server packages are not going to be (re)installed
&amp#27;[38;5;24m[c636cf10]&amp#27;[0m&amp#27;[38;5;-20m[AndroidUiautomator2Driver@24da]&amp#27;[0m Waiting up to 30000ms for services to be available
&amp#27;[38;5;24m[c636cf10]&amp#27;[0m&amp#27;[38;5;229m[ADB]&amp#27;[0m Running 'C:\Users\kaushal\AppData\Local\Android\Sdk\platform-tools\adb.exe -P 5037 -s emulator-5554 shell pm list instrumentation'
&amp#27;[38;5;24m[c636cf10]&amp#27;[0m&amp#27;[38;5;-20m[AndroidUiautomator2Driver@24da]&amp#27;[0m Instrumentation target 'io.appium.uiautomator2.server.test/androidx.test.runner.AndroidJUnitRunner' is available
&amp#27;[38;5;24m[c636cf10]&amp#27;[0m&amp#27;[38;5;229m[ADB]&amp#27;[0m Adding packages ["io.appium.settings","io.appium.uiautomator2.server","io.appium.uiautomator2.server.test"] to Doze whitelist
&amp#27;[38;5;24m[c636cf10]&amp#27;[0m&amp#27;[38;5;229m[ADB]&amp#27;[0m Got the following command chunks to execute: [["dumpsys","deviceidle","whitelist","+io.appium.settings",";","dumpsys","deviceidle","whitelist","+io.appium.uiautomator2.server",";","dumpsys","deviceidle","whitelist","+io.appium.uiautomator2.server.test",";"]]
&amp#27;[38;5;24m[c636cf10]&amp#27;[0m&amp#27;[38;5;229m[ADB]&amp#27;[0m Running 'C:\Users\kaushal\AppData\Local\Android\Sdk\platform-tools\adb.exe -P 5037 -s emulator-5554 shell dumpsys deviceidle whitelist +io.appium.settings ; dumpsys deviceidle whitelist +io.appium.uiautomator2.server ; dumpsys deviceidle whitelist +io.appium.uiautomator2.server.test ;'
&amp#27;[38;5;24m[c636cf10]&amp#27;[0m&amp#27;[38;5;-20m[AndroidUiautomator2Driver@24da]&amp#27;[0m Performing shallow cleanup of automation leftovers
&amp#27;[38;5;24m[c636cf10]&amp#27;[0m&amp#27;[38;5;-20m[AndroidUiautomator2Driver@24da]&amp#27;[0m The following obsolete sessions are still running: ["4aced2f6-8bf4-4e9a-91c1-74b8ca2a1f52"]
&amp#27;[38;5;24m[c636cf10]&amp#27;[0m&amp#27;[38;5;-20m[AndroidUiautomator2Driver@24da]&amp#27;[0m Cleaning up 1 obsolete session
&amp#27;[38;5;24m[c636cf10]&amp#27;[0m&amp#27;[38;5;229m[ADB]&amp#27;[0m Running 'C:\Users\kaushal\AppData\Local\Android\Sdk\platform-tools\adb.exe -P 5037 -s emulator-5554 shell am force-stop io.appium.uiautomator2.server'
&amp#27;[38;5;24m[c636cf10]&amp#27;[0m&amp#27;[38;5;229m[ADB]&amp#27;[0m Running 'C:\Users\kaushal\AppData\Local\Android\Sdk\platform-tools\adb.exe -P 5037 -s emulator-5554 shell am force-stop io.appium.uiautomator2.server.test'
&amp#27;[38;5;24m[c636cf10]&amp#27;[0m&amp#27;[38;5;-20m[AndroidUiautomator2Driver@24da]&amp#27;[0m Starting UIAutomator2 server 7.0.25
&amp#27;[38;5;24m[c636cf10]&amp#27;[0m&amp#27;[38;5;-20m[AndroidUiautomator2Driver@24da]&amp#27;[0m Using UIAutomator2 server from 'C:\Users\kaushal\.appium\node_modules\appium-uiautomator2-driver\node_modules\appium-uiautomator2-server\apks\appium-uiautomator2-server-v7.0.25.apk' and test from 'C:\Users\kaushal\.appium\node_modules\appium-uiautomator2-driver\node_modules\appium-uiautomator2-server\apks\appium-uiautomator2-server-debug-androidTest.apk'
&amp#27;[38;5;24m[c636cf10]&amp#27;[0m&amp#27;[38;5;-20m[AndroidUiautomator2Driver@24da]&amp#27;[0m Waiting up to 100000ms for UiAutomator2 to be online...
&amp#27;[38;5;24m[c636cf10]&amp#27;[0m&amp#27;[38;5;229m[ADB]&amp#27;[0m Creating ADB subprocess with args: ["-P","5037","-s","emulator-5554","shell","am","instrument","-w","-e","disableAnalytics","true","io.appium.uiautomator2.server.test/androidx.test.runner.AndroidJUnitRunner"]
&amp#27;[38;5;24m[c636cf10]&amp#27;[0m&amp#27;[38;5;-20m[AndroidUiautomator2Driver@24da]&amp#27;[0m Matched '/status' to command name 'getStatus'
&amp#27;[38;5;24m[c636cf10]&amp#27;[0m&amp#27;[38;5;-20m[AndroidUiautomator2Driver@24da]&amp#27;[0m Proxying [GET /status] to [GET http://127.0.0.1:8200/status] with no body
&amp#27;[38;5;24m[c636cf10]&amp#27;[0m&amp#27;[38;5;-20m[AndroidUiautomator2Driver@24da]&amp#27;[0m socket hang up
&amp#27;[38;5;24m[c636cf10]&amp#27;[0m&amp#27;[38;5;-20m[AndroidUiautomator2Driver@24da]&amp#27;[0m Matched '/status' to command name 'getStatus'
&amp#27;[38;5;24m[c636cf10]&amp#27;[0m&amp#27;[38;5;-20m[AndroidUiautomator2Driver@24da]&amp#27;[0m Proxying [GET /status] to [GET http://127.0.0.1:8200/status] with no body
&amp#27;[38;5;24m[c636cf10]&amp#27;[0m&amp#27;[38;5;-20m[AndroidUiautomator2Driver@24da]&amp#27;[0m socket hang up
&amp#27;[38;5;24m[c636cf10]&amp#27;[0m&amp#27;[38;5;-20m[AndroidUiautomator2Driver@24da]&amp#27;[0m [Instrumentation] 
&amp#27;[38;5;24m[c636cf10]&amp#27;[0m&amp#27;[38;5;-20m[AndroidUiautomator2Driver@24da]&amp#27;[0m Matched '/status' to command name 'getStatus'
&amp#27;[38;5;24m[c636cf10]&amp#27;[0m&amp#27;[38;5;-20m[AndroidUiautomator2Driver@24da]&amp#27;[0m Proxying [GET /status] to [GET http://127.0.0.1:8200/status] with no body
&amp#27;[38;5;24m[c636cf10]&amp#27;[0m&amp#27;[38;5;-20m[AndroidUiautomator2Driver@24da]&amp#27;[0m socket hang up
&amp#27;[38;5;24m[c636cf10]&amp#27;[0m&amp#27;[38;5;-20m[AndroidUiautomator2Driver@24da]&amp#27;[0m Matched '/status' to command name 'getStatus'
&amp#27;[38;5;24m[c636cf10]&amp#27;[0m&amp#27;[38;5;-20m[AndroidUiautomator2Driver@24da]&amp#27;[0m Proxying [GET /status] to [GET http://127.0.0.1:8200/status] with no body
&amp#27;[38;5;24m[c636cf10]&amp#27;[0m&amp#27;[38;5;-20m[AndroidUiautomator2Driver@24da]&amp#27;[0m socket hang up
&amp#27;[38;5;24m[c636cf10]&amp#27;[0m&amp#27;[38;5;-20m[AndroidUiautomator2Driver@24da]&amp#27;[0m Matched '/status' to command name 'getStatus'
&amp#27;[38;5;24m[c636cf10]&amp#27;[0m&amp#27;[38;5;-20m[AndroidUiautomator2Driver@24da]&amp#27;[0m Proxying [GET /status] to [GET http://127.0.0.1:8200/status] with no body
&amp#27;[38;5;24m[c636cf10]&amp#27;[0m&amp#27;[38;5;-20m[AndroidUiautomator2Driver@24da]&amp#27;[0m Got response with status 200: {"sessionId":"None","value":{"message":"UiAutomator2 Server is ready to accept commands","ready":true}}
&amp#27;[38;5;24m[c636cf10]&amp#27;[0m&amp#27;[38;5;-20m[AndroidUiautomator2Driver@24da]&amp#27;[0m The initialization of the instrumentation process took 4525ms
&amp#27;[38;5;24m[c636cf10]&amp#27;[0m&amp#27;[38;5;-20m[AndroidUiautomator2Driver@24da]&amp#27;[0m Matched '/session' to command name 'createSession'
&amp#27;[38;5;24m[c636cf10]&amp#27;[0m&amp#27;[38;5;-20m[AndroidUiautomator2Driver@24da]&amp#27;[0m Proxying [POST /session] to [POST http://127.0.0.1:8200/session] with body: {"capabilities":{"firstMatch":[{"platformName":"ANDROID","noReset":true,"uiautomator2ServerLaunchTimeout":100000,"autoGrantPermissions":true,"adbExecTimeout":100000,"appActivity":"flipboard.activities.FirstLaunchCoverActivity","deviceName":"emulator-5554","automationName":"UiAutomator2","platformVersion":"14","appPackage":"flipboard.app","platform":"LINUX","webStorageEnabled":false,"takesScreenshot":true,"javascriptEnabled":true,"databaseEnabled":false,"networkConnectionEnabled":true,"locationContextEnabled":false,"warnings":{},"desired":{"platformName":"ANDROID","noReset":true,"uiautomator2ServerLaunchTimeout":100000,"autoGrantPermissions":true,"adbExecTimeout":100000,"appActivity":"flipboard.activities.FirstLaunchCoverActivity","deviceName":"192.168.1.155:43581 ","automationName":"UiAutomator2","platformVersion":"14","appPackage":"flipboard.app"},"deviceUDID":"emulator-5554"}],"alwaysMatch":{}}}
&amp#27;[38;5;24m[c636cf10]&amp#27;[0m&amp#27;[38;5;-20m[AndroidUiautomator2Driver@24da]&amp#27;[0m Got response with status 200: {"sessionId":"5d31ba23-5f57-4e07-879e-3bf8896bd780","value":{"capabilities":{"firstMatch":[{"platformName":"ANDROID","noReset":true,"uiautomator2ServerLaunchTimeout":100000,"autoGrantPermissions":true,"adbExecTimeout":100000,"appActivity":"flipboard.activities.FirstLaunchCoverActivity","deviceName":"emulator-5554","automationName":"UiAutomator2","platformVersion":"14","appPackage":"flipboard.app","platform":"LINUX","webStorageEnabled":false,"takesScreenshot":true,"javascriptEnabled":true,"databaseEnabled":false,"networkConnectionEnabled":true,"locationContextEnabled":false,"warnings":{},"desired":{"platformName":"ANDROID","noReset":true,"uiautomator2ServerLaunchTimeout":100000,"autoGrantPermissions":true,"adbExecTimeout":100000,"appActivity":"flipboard.activities.FirstLaunchCoverActivity","deviceName":"192.168.1.155:43581 ","automationName":"UiAutomator2","platformVersion":"14","appPackage":"flipboard.app"},"deviceUDID":"emulator-5554"}],"alwaysMatch":{}},"sessionId":"5d31ba23-5f57-4e07-879e-3bf8896bd780"}}
&amp#27;[38;5;24m[c636cf10]&amp#27;[0m&amp#27;[38;5;-20m[AndroidUiautomator2Driver@24da]&amp#27;[0m Determined the downstream protocol as 'W3C'
&amp#27;[38;5;24m[c636cf10]&amp#27;[0m&amp#27;[38;5;-20m[AndroidUiautomator2Driver@24da]&amp#27;[0m Proxying [GET /appium/device/pixel_ratio] to [GET http://127.0.0.1:8200/session/5d31ba23-5f57-4e07-879e-3bf8896bd780/appium/device/pixel_ratio] with no body
&amp#27;[38;5;24m[c636cf10]&amp#27;[0m&amp#27;[38;5;-20m[AndroidUiautomator2Driver@24da]&amp#27;[0m Matched '/appium/device/system_bars' to command name 'getSystemBars'
&amp#27;[38;5;24m[c636cf10]&amp#27;[0m&amp#27;[38;5;-20m[AndroidUiautomator2Driver@24da]&amp#27;[0m Proxying [GET /appium/device/system_bars] to [GET http://127.0.0.1:8200/session/5d31ba23-5f57-4e07-879e-3bf8896bd780/appium/device/system_bars] with no body
&amp#27;[38;5;24m[c636cf10]&amp#27;[0m&amp#27;[38;5;-20m[AndroidUiautomator2Driver@24da]&amp#27;[0m Matched '/window/current/size' to command name 'getWindowSize'
&amp#27;[38;5;24m[c636cf10]&amp#27;[0m&amp#27;[38;5;-20m[AndroidUiautomator2Driver@24da]&amp#27;[0m Proxying [GET /window/current/size] to [GET http://127.0.0.1:8200/session/5d31ba23-5f57-4e07-879e-3bf8896bd780/window/current/size] with no body
&amp#27;[38;5;24m[c636cf10]&amp#27;[0m&amp#27;[38;5;-20m[AndroidUiautomator2Driver@24da]&amp#27;[0m Proxying [GET /appium/device/info] to [GET http://127.0.0.1:8200/session/5d31ba23-5f57-4e07-879e-3bf8896bd780/appium/device/info] with no body
&amp#27;[38;5;24m[c636cf10]&amp#27;[0m&amp#27;[38;5;229m[ADB]&amp#27;[0m Running 'C:\Users\kaushal\AppData\Local\Android\Sdk\platform-tools\adb.exe -P 5037 -s emulator-5554 shell dumpsys window'
&amp#27;[38;5;24m[c636cf10]&amp#27;[0m&amp#27;[38;5;229m[ADB]&amp#27;[0m Running 'C:\Users\kaushal\AppData\Local\Android\Sdk\platform-tools\adb.exe -P 5037 -s emulator-5554 shell dumpsys power'
&amp#27;[38;5;24m[c636cf10]&amp#27;[0m&amp#27;[38;5;-20m[AndroidUiautomator2Driver@24da]&amp#27;[0m Got response with status 200: {"sessionId":"5d31ba23-5f57-4e07-879e-3bf8896bd780","value":2.625}
&amp#27;[38;5;24m[c636cf10]&amp#27;[0m&amp#27;[38;5;-20m[AndroidUiautomator2Driver@24da]&amp#27;[0m Got response with status 200: {"sessionId":"5d31ba23-5f57-4e07-879e-3bf8896bd780","value":{"height":2400,"width":1080}}
&amp#27;[38;5;24m[c636cf10]&amp#27;[0m&amp#27;[38;5;-20m[AndroidUiautomator2Driver@24da]&amp#27;[0m Got response with status 200: {"sessionId":"5d31ba23-5f57-4e07-879e-3bf8896bd780","value":{"statusBar":128}}
&amp#27;[38;5;24m[c636cf10]&amp#27;[0m&amp#27;[38;5;-20m[AndroidUiautomator2Driver@24da]&amp#27;[0m Got response with status 200: {"sessionId":"5d31ba23-5f57-4e07-879e-3bf8896bd780","value":{"androidId":"d5c88eae527501fe","apiVersion":"34","bluetooth":{"state":"ON"},"brand":"google","carrierName":"T-Mobile","displayDensity":420,"locale":"en_US","manufacturer":"Google","model":"sdk_gphone64_x86_64","networks":[{"capabilities":{"SSID":null,"linkDownBandwidthKbps":30000,"linkUpstreamBandwidthKbps":15000,"networkCapabilities":"NET_CAPABILITY_MMS,NET_CAPABILITY_SUPL,NET_CAPABILITY_DUN,NET_CAPABILITY_FOTA,NET_CAPABILITY_IMS,NET_CAPABILITY_CBS,NET_CAPABILITY_INTERNET,NET_CAPABILITY_NOT_RESTRICTED,NET_CAPABILITY_TRUSTED,NET_CAPABILITY_NOT_VPN,NET_CAPABILITY_VALIDATED,NET_CAPABILITY_NOT_ROAMING,NET_CAPABILITY_NOT_CONGESTED,NET_CAPABILITY_NOT_SUSPENDED","signalStrength":-2147483648,"transportTypes":"TRANSPORT_CELLULAR"},"detailedState":"CONNECTED","extraInfo":"epc.tmobile.com","isAvailable":true,"isConnected":true,"isFailover":false,"isRoaming":false,"state":"CONNECTED","subtype":13,"subtypeName":"LTE","type":0,"typeName":"MOBILE"},{"capabilit...
&amp#27;[38;5;24m[c636cf10]&amp#27;[0m&amp#27;[38;5;-20m[AndroidUiautomator2Driver@24da]&amp#27;[0m Screen already unlocked, doing nothing
&amp#27;[38;5;24m[c636cf10]&amp#27;[0m&amp#27;[38;5;-20m[AndroidUiautomator2Driver@24da]&amp#27;[0m Starting 'flipboard.app/flipboard.activities.FirstLaunchCoverActivity and waiting for 'flipboard.app/flipboard.activities.FirstLaunchCoverActivity'
&amp#27;[38;5;24m[c636cf10]&amp#27;[0m&amp#27;[38;5;229m[ADB]&amp#27;[0m Getting IDs of all 'flipboard.app' processes
&amp#27;[38;5;24m[c636cf10]&amp#27;[0m&amp#27;[38;5;229m[ADB]&amp#27;[0m Running 'C:\Users\kaushal\AppData\Local\Android\Sdk\platform-tools\adb.exe -P 5037 -s emulator-5554 shell 'pgrep --help; echo $?''
&amp#27;[38;5;24m[c636cf10]&amp#27;[0m&amp#27;[38;5;229m[ADB]&amp#27;[0m Running 'C:\Users\kaushal\AppData\Local\Android\Sdk\platform-tools\adb.exe -P 5037 -s emulator-5554 shell pgrep -f \(\[\[:blank:\]\]\|\^\)flipboard\.app\(\[\[:blank:\]\]\|\$\)'
&amp#27;[38;5;24m[c636cf10]&amp#27;[0m&amp#27;[38;5;-20m[AndroidUiautomator2Driver@24da]&amp#27;[0m 'flipboard.app' is already running and noReset is enabled. Set forceAppLaunch capability to true if the app must be forcefully restarted on session startup.
&amp#27;[38;5;24m[c636cf10]&amp#27;[0m&amp#27;[38;5;157m[AppiumDriver@461d]&amp#27;[0m New AndroidUiautomator2Driver session created successfully, session c636cf10-66e0-488d-b9c5-510f2057effe added to master session list
&amp#27;[38;5;24m[c636cf10]&amp#27;[0m&amp#27;[38;5;157m[AppiumDriver@461d]&amp#27;[0m Event 'newSessionStarted' logged at 1748775998570 (16:36:38 GMT+0530 (India Standard Time))
&amp#27;[38;5;24m[c636cf10]&amp#27;[0m&amp#27;[38;5;-20m[AndroidUiautomator2Driver@24da]&amp#27;[0m Cached the protocol value 'W3C' for the new session c636cf10-66e0-488d-b9c5-510f2057effe
&amp#27;[38;5;24m[c636cf10]&amp#27;[0m&amp#27;[38;5;-20m[AndroidUiautomator2Driver@24da]&amp#27;[0m Responding to client with driver.createSession() result: {"capabilities":{"platformName":"ANDROID","noReset":true,"uiautomator2ServerLaunchTimeout":100000,"autoGrantPermissions":true,"adbExecTimeout":100000,"appActivity":"flipboard.activities.FirstLaunchCoverActivity","deviceName":"emulator-5554","automationName":"UiAutomator2","platformVersion":"14","appPackage":"flipboard.app","platform":"LINUX","webStorageEnabled":false,"takesScreenshot":true,"javascriptEnabled":true,"databaseEnabled":false,"networkConnectionEnabled":true,"locationContextEnabled":false,"warnings":{},"desired":{"platformName":"ANDROID","noReset":true,"uiautomator2ServerLaunchTimeout":100000,"autoGrantPermissions":true,"adbExecTimeout":100000,"appActivity":"flipboard.activities.FirstLaunchCoverActivity","deviceName":"192.168.1.155:43581 ","automationName":"UiAutomator2","platformVersion":"14","appPackage":"flipboard.app"},"deviceUDID":"emulator-5554","pixelRatio":"2.625","statBarHeight":128,"viewportRect":{"left":0,"top":128,"width":1080,"height":2272},"deviceApiLevel":34,"deviceManufacturer":"...
&amp#27;[38;5;24m[c636cf10]&amp#27;[0m&amp#27;[38;5;86m[HTTP]&amp#27;[0m &amp#27;[37m<-- POST /session &amp#27;[39m&amp#27;[32m200&amp#27;[39m &amp#27;[90m8973 ms - 1184&amp#27;[39m &amp#27;[90m&amp#27;[39m
Driver initialized: AndroidDriver:  on ANDROID (c636cf10-66e0-488d-b9c5-510f2057effe)
Connected to Appium server at: http://127.0.0.1:4723/
  driver in test base ===AndroidDriver:  on ANDROID (c636cf10-66e0-488d-b9c5-510f2057effe)
 THIS IS END OF SETUP METHOD IN TESTBSE CLASS
&amp#27;[38;5;24m[c636cf10]&amp#27;[0m&amp#27;[38;5;86m[HTTP]&amp#27;[0m &amp#27;[37m-->&amp#27;[39m &amp#27;[37mGET&amp#27;[39m &amp#27;[37m/session/c636cf10-66e0-488d-b9c5-510f2057effe/screenshot&amp#27;[39m &amp#27;[90m{}&amp#27;[39m
&amp#27;[38;5;24m[c636cf10]&amp#27;[0m&amp#27;[38;5;-20m[AndroidUiautomator2Driver@24da]&amp#27;[0m Calling AppiumDriver.getScreenshot() with args: ["c636cf10-66e0-488d-b9c5-510f2057effe"]
&amp#27;[38;5;24m[c636cf10]&amp#27;[0m&amp#27;[38;5;-20m[AndroidUiautomator2Driver@24da]&amp#27;[0m Matched '/screenshot' to command name 'getScreenshot'
&amp#27;[38;5;24m[c636cf10]&amp#27;[0m&amp#27;[38;5;-20m[AndroidUiautomator2Driver@24da]&amp#27;[0m Proxying [GET /screenshot] to [GET http://127.0.0.1:8200/session/5d31ba23-5f57-4e07-879e-3bf8896bd780/screenshot] with no body
&amp#27;[38;5;24m[c636cf10]&amp#27;[0m&amp#27;[38;5;-20m[AndroidUiautomator2Driver@24da]&amp#27;[0m Got response with status 200: {"sessionId":"5d31ba23-5f57-4e07-879e-3bf8896bd780","value":"iVBORw0KGgoAAAANSUhEUgAABDgAAAlgCAYAAABtGofVAAAAAXNSR0IArs4c6QAAAARzQklUCAgICHwIZIgAACAASURBVHic7N1/tBxnXfjxz+yv+7O5SW5K+iN+aYVS4oE2YhGxWlPhWE5taSotRYU2hfSgRaB4qkfAQyOiUgpYBE79TeCoWMFTQqtSPNrkgFCqLUlLMNgfJEoS2jS59+bm/thf8/n+sTuzM7Oze+fZnd2d2ft+wdPcu3d25pmZZ5555jPPPGOJiAoAAAAAAECKZQadAQAAAAAAgG4R4AAAAAAAAKlHgAMAAAAAAKQeAQ4AAAAAAJB6BDgAAAAAAEDqEeAAAAAAAACpR4ADAAAAAACkHgEOAAAAAACQegQ4AAAAAABA6hHgAAAAAAAAqUeAAwAAAAAApB4BDgAAAAAAkHoEOAAAAAAAQOoR4AAAAAAAAKlHgAMAAAAAAKQeAQ4AAAAAAJB6BDgAAAAAAEDqEeAAAAAAAACpR4ADAAAAAACkHgEOAAAAAACQegQ4AAAAAABA6hHgAAAAAAAAqUeAAwAAAAAApB4BDgAAAAAAkHoEOAAAAAAAQOoR4AAAAAAAAKlHgAMAAAAAAKQeAQ4AAAAAAJB6BDgAAAAAAEDqEeAAAAAAAACpR4ADAAAAAACkHgEOAAAAAACQegQ4AAAAAABA6hHgAAAAAAAAqUeAAwAAAAAApB4BDgAAAAAAkHoEOAAAAAAAQOoR4AAAAAAAAKlHgAMAAAAAAKQeAQ4AAAAAAJB6BDgAAAAAAEDqEeAAAAAAAACpR4ADAAAAAACkHgEOAAAAAACQegQ4AAAAAABA6hHgQN9ZliW/8Au/IP/xH/8hxWJRqtWq2LYttm2Lqoqquj9Xq1UplUry8MMPy9VXXy2WZQ06+wAAAACABLJERAedCawOlmXJXXfdJe9617skl8sZBytUVSqVinzm...
&amp#27;[38;5;24m[c636cf10]&amp#27;[0m&amp#27;[38;5;-20m[AndroidUiautomator2Driver@24da]&amp#27;[0m Responding to client with driver.getScreenshot() result: "iVBORw0KGgoAAAANSUhEUgAABDgAAAlgCAYAAABtGofVAAAAAXNSR0IArs4c6QAAAARzQklUCAgICHwIZIgAACAASURBVHic7N1/tBxnXfjxz+yv+7O5SW5K+iN+aYVS4oE2YhGxWlPhWE5taSotRYU2hfSgRaB4qkfAQyOiUgpYBE79TeCoWMFTQqtSPNrkgFCqLUlLMNgfJEoS2jS59+bm/thf8/n+sTuzM7Oze+fZnd2d2ft+wdPcu3d25pmZZ5555jPPPGOJiAoAAAAAAECKZQadAQAAAAAAgG4R4AAAAAAAAKlHgAMAAAAAAKQeAQ4AAAAAAJB6BDgAAAAAAEDqEeAAAAAAAACpR4ADAAAAAACkHgEOAAAAAACQegQ4AAAAAABA6hHgAAAAAAAAqUeAAwAAAAAApB4BDgAAAAAAkHoEOAAAAAAAQOoR4AAAAAAAAKlHgAMAAAAAAKQeAQ4AAAAAAJB6BDgAAAAAAEDqEeAAAAAAAACpR4ADAAAAAACkHgEOAAAAAACQegQ4AAAAAABA6hHgAAAAAAAAqUeAAwAAAAAApB4BDgAAAAAAkHoEOAAAAAAAQOoR4AAAAAAAAKlHgAMAAAAAAKQeAQ4AAAAAAJB6BDgAAAAAAEDqEeAAAAAAAACpR4ADAAAAAACkHgEOAAAAAACQegQ4AAAAAABA6hHgAAAAAAAAqUeAAwAAAAAApB4BDgAAAAAAkHoEOAAAAAAAQOoR4AAAAAAAAKlHgAMAAAAAAKQeAQ4AAAAAAJB6BDgAAAAAAEDqEeAAAAAAAACpR4ADAAAAAACkHgEOAAAAAACQegQ4AAAAAABA6hHgQN9ZliW/8Au/IP/xH/8hxWJRqtWq2LYttm2Lqoqquj9Xq1UplUry8MMPy9VXXy2WZQ06+wAAAACABLJERAedCawOlmXJXXfdJe9617skl8sZBytUVSqVinzmM5+RX/u1XxNVii4AAAAQt7Vr18rFF18sW7ZskbVr17r/OmZnZ2Xfvn3uv/v3...
&amp#27;[38;5;24m[c636cf10]&amp#27;[0m&amp#27;[38;5;86m[HTTP]&amp#27;[0m &amp#27;[37m<-- GET /session/c636cf10-66e0-488d-b9c5-510f2057effe/screenshot &amp#27;[39m&amp#27;[32m200&amp#27;[39m &amp#27;[90m5055 ms - 1214128&amp#27;[39m &amp#27;[90m&amp#27;[39m
 HELLO INIT for FlipboardLoginTest , SETUP METHOD- BEFORE TEST 
&amp#27;[38;5;24m[c636cf10]&amp#27;[0m&amp#27;[38;5;86m[HTTP]&amp#27;[0m &amp#27;[37m-->&amp#27;[39m &amp#27;[37mGET&amp#27;[39m &amp#27;[37m/session/c636cf10-66e0-488d-b9c5-510f2057effe/screenshot&amp#27;[39m &amp#27;[90m{}&amp#27;[39m
&amp#27;[38;5;24m[c636cf10]&amp#27;[0m&amp#27;[38;5;-20m[AndroidUiautomator2Driver@24da]&amp#27;[0m Calling AppiumDriver.getScreenshot() with args: ["c636cf10-66e0-488d-b9c5-510f2057effe"]
&amp#27;[38;5;24m[c636cf10]&amp#27;[0m&amp#27;[38;5;-20m[AndroidUiautomator2Driver@24da]&amp#27;[0m Matched '/screenshot' to command name 'getScreenshot'
&amp#27;[38;5;24m[c636cf10]&amp#27;[0m&amp#27;[38;5;-20m[AndroidUiautomator2Driver@24da]&amp#27;[0m Proxying [GET /screenshot] to [GET http://127.0.0.1:8200/session/5d31ba23-5f57-4e07-879e-3bf8896bd780/screenshot] with no body
&amp#27;[38;5;24m[c636cf10]&amp#27;[0m&amp#27;[38;5;-20m[AndroidUiautomator2Driver@24da]&amp#27;[0m Got response with status 200: {"sessionId":"5d31ba23-5f57-4e07-879e-3bf8896bd780","value":"iVBORw0KGgoAAAANSUhEUgAABDgAAAlgCAYAAABtGofVAAAAAXNSR0IArs4c6QAAAARzQklUCAgICHwIZIgAACAASURBVHic7N17lBxlmfjxp6ov09MzPT3XTO6AcnVzA7mIaEyUIx4ECQsBb0BQ0F1QQRc9i/6OxMvuiniBRQ666yV6XBVBIYAKeDQJoCBySQiJgQBJkGSSzKWnp6d7enq66/39ke3emWR6pt7u6u6qnu/nnPdAZqqr3qqpfuutp973KUNElAAAAAAAAHiYWesKAAAAAAAAlIsABwAAAAAA8DwCHAAAAAAAwPMIcAAAAAAAAM8jwAEAAAAAADyPAAcAAAAAAPA8AhwAAAAAAMDzCHAAAAAAAADPI8ABAAAAAAA8jwAHAAAAAADwPAIcAAAAAADA8whwAAAAAAAAzyPAAQAAAAAAPI8ABwAAAAAA8DwCHAAAAAAAwPMIcAAAAAAAAM8jwAEAAAAAADyPAAcAAAAAAPA8AhwAAAAAAMDzCHAAAAAAAADPI8ABAAAAAAA8jwAHAAAAAADwPAIcAAAAAADA8whwAAAAAAAAzyPAAQAAAAAAPI8ABwAAAAAA8DwCHAAAAAAAwPMIcAAAAAAAAM8jwAEAAAAAADyPAAcAAAAAAPA8AhwAAAAAAMDzCHAAAAAAAADPI8ABAAAAAAA8jwAHAAAAAADwPAIcAAAAAADA8whwAAAAAAAAzyPAAQAAAAAAPI8ABwAAAAAA8DwCHAAAAAAAwPMIcAAAAAAAAM8jwAEAAAAAADyPAAcAAAAAAPA8AhwAAAAAAMDzCHAAAAAAAADPI8ABAAAAAAA8jwAHqs4wDHn3u98tf/rTn2R0dFRyuZxYliWWZYlSSpRShf/P5XKSyWTkySeflPPPP18Mw6h19QEAAAAALmSIiKp1JTAzGIYht9xyi3zqU58Sv9+vHaxQSkk2m5Uf/ehH...
&amp#27;[38;5;24m[c636cf10]&amp#27;[0m&amp#27;[38;5;-20m[AndroidUiautomator2Driver@24da]&amp#27;[0m Responding to client with driver.getScreenshot() result: "iVBORw0KGgoAAAANSUhEUgAABDgAAAlgCAYAAABtGofVAAAAAXNSR0IArs4c6QAAAARzQklUCAgICHwIZIgAACAASURBVHic7N17lBxlmfjxp6ov09MzPT3XTO6AcnVzA7mIaEyUIx4ECQsBb0BQ0F1QQRc9i/6OxMvuiniBRQ666yV6XBVBIYAKeDQJoCBySQiJgQBJkGSSzKWnp6d7enq66/39ke3emWR6pt7u6u6qnu/nnPdAZqqr3qqpfuutp973KUNElAAAAAAAAHiYWesKAAAAAAAAlIsABwAAAAAA8DwCHAAAAAAAwPMIcAAAAAAAAM8jwAEAAAAAADyPAAcAAAAAAPA8AhwAAAAAAMDzCHAAAAAAAADPI8ABAAAAAAA8jwAHAAAAAADwPAIcAAAAAADA8whwAAAAAAAAzyPAAQAAAAAAPI8ABwAAAAAA8DwCHAAAAAAAwPMIcAAAAAAAAM8jwAEAAAAAADyPAAcAAAAAAPA8AhwAAAAAAMDzCHAAAAAAAADPI8ABAAAAAAA8jwAHAAAAAADwPAIcAAAAAADA8whwAAAAAAAAzyPAAQAAAAAAPI8ABwAAAAAA8DwCHAAAAAAAwPMIcAAAAAAAAM8jwAEAAAAAADyPAAcAAAAAAPA8AhwAAAAAAMDzCHAAAAAAAADPI8ABAAAAAAA8jwAHAAAAAADwPAIcAAAAAADA8whwAAAAAAAAzyPAAQAAAAAAPI8ABwAAAAAA8DwCHAAAAAAAwPMIcAAAAAAAAM8jwAEAAAAAADyPAAcAAAAAAPA8AhwAAAAAAMDzCHAAAAAAAADPI8ABAAAAAAA8jwAHqs4wDHn3u98tf/rTn2R0dFRyuZxYliWWZYlSSpRShf/P5XKSyWTkySeflPPPP18Mw6h19QEAAAAALmSIiKp1JTAzGIYht9xyi3zqU58Sv9+vHaxQSkk2m5Uf/ehH8k//9E+iFKcuAAAA4LTW1lZZunSpLFu2TFpbWwv/zRscHJTNmzcX/rtlyxYZ...
&amp#27;[38;5;24m[c636cf10]&amp#27;[0m&amp#27;[38;5;86m[HTTP]&amp#27;[0m &amp#27;[37m<-- GET /session/c636cf10-66e0-488d-b9c5-510f2057effe/screenshot &amp#27;[39m&amp#27;[32m200&amp#27;[39m &amp#27;[90m1614 ms - 1683600&amp#27;[39m &amp#27;[90m&amp#27;[39m
 hello  setUp 
 hello  if calling prop file--->(loadPropertyFile.startsWith("Android_" 
 log file == src\test\resources\logs\logsFromAppium.txt
old logsFile deleted 
 new file created ?? 
Appium JS Path in StartAppiumServer: true
service value in appium start function  == ? io.appium.java_client.service.local.AppiumDriverLocalService@c3edf4c
&amp#27;[38;5;86m[HTTP]&amp#27;[0m &amp#27;[37m-->&amp#27;[39m &amp#27;[37mGET&amp#27;[39m &amp#27;[37m/status&amp#27;[39m &amp#27;[90m{}&amp#27;[39m
&amp#27;[38;5;157m[AppiumDriver@461d]&amp#27;[0m Calling AppiumDriver.getStatus() with args: []
&amp#27;[38;5;157m[AppiumDriver@461d]&amp#27;[0m Responding to client with driver.getStatus() result: {"ready":true,"message":"The server is ready to accept new connections","build":{"version":"2.11.5"}}
!!! appium server started !!!!
 appiumUrl ===>> http://0.0.0.0:4723/
&amp#27;[38;5;86m[HTTP]&amp#27;[0m &amp#27;[37m<-- GET /status &amp#27;[39m&amp#27;[32m200&amp#27;[39m &amp#27;[90m4 ms - 111&amp#27;[39m &amp#27;[90m&amp#27;[39m
&amp#27;[38;5;86m[HTTP]&amp#27;[0m &amp#27;[37m-->&amp#27;[39m &amp#27;[37mGET&amp#27;[39m &amp#27;[37m/status&amp#27;[39m &amp#27;[90m{}&amp#27;[39m
&amp#27;[38;5;157m[AppiumDriver@461d]&amp#27;[0m Calling AppiumDriver.getStatus() with args: []
&amp#27;[38;5;157m[AppiumDriver@461d]&amp#27;[0m Responding to client with driver.getStatus() result: {"ready":true,"message":"The server is ready to accept new connections","build":{"version":"2.11.5"}}
✅✅✅ Appium server started at: http://0.0.0.0:4723/
 hello  appium server STARTED 
&amp#27;[38;5;86m[HTTP]&amp#27;[0m &amp#27;[37m<-- GET /status &amp#27;[39m&amp#27;[32m200&amp#27;[39m &amp#27;[90m3 ms - 111&amp#27;[39m &amp#27;[90m&amp#27;[39m
IMPLICIT_WAIT_TIME from property file = 10
EXPLICIT_WAIT_TIME from property file = 10
 XXXXXXXXXXXXXXXXXXXXXXXXXXXXXXXXXX app path is === "C:UserskaushalDesktopECLIPSE_OCTOBER2024ECLIPSE_OCTOBER2024_KAUSHAL-WSAPPIUM_FRAMEWORK_BHAVINI_18MAY25APKFileFLIPBOARD.apk"
PLATFORM_NAME === android
Setting mobile capabilities
Capabilities set with UiAutomator2Options-- OK OK SET CAPABILITIES  
Tried to attach logging to file 'C:\Users\kaushal\Desktop\ECLIPSE_OCTOBER2024\ECLIPSE_OCTOBER2024_KAUSHAL-WS\APPIUM_FRAMEWORK_BHAVINI_18MAY25\src\test\resources\logs\logsFromAppium.txt' but an error occurred: EBUSY: resource busy or locked, unlink 'C:\Users\kaushal\Desktop\ECLIPSE_OCTOBER2024\ECLIPSE_OCTOBER2024_KAUSHAL-WS\APPIUM_FRAMEWORK_BHAVINI_18MAY25\src\test\resources\logs\logsFromAppium.txt'
&amp#27;[38;5;112m[Appium]&amp#27;[0m Welcome to Appium v2.11.5
&amp#27;[38;5;112m[Appium]&amp#27;[0m Non-default server args:
&amp#27;[38;5;112m[Appium]&amp#27;[0m { basePath: &amp#27;[32m'/'&amp#27;[39m, localTimezone: &amp#27;[33mtrue&amp#27;[39m }
&amp#27;[38;5;112m[Appium]&amp#27;[0m The autodetected Appium home path: C:\Users\kaushal\.appium
&amp#27;[38;5;112m[Appium]&amp#27;[0m Attempting to load driver uiautomator2...
&amp#27;[38;5;112m[Appium]&amp#27;[0m Attempting to load driver chromium...
&amp#27;[38;5;112m[Appium]&amp#27;[0m Attempting to load driver windows...
&amp#27;[38;5;112m[Appium]&amp#27;[0m Requiring driver at C:\Users\kaushal\.appium\node_modules\appium-uiautomator2-driver\build\index.js
&amp#27;[38;5;112m[Appium]&amp#27;[0m Requiring driver at C:\Users\kaushal\.appium\node_modules\appium-chromium-driver\index.js
&amp#27;[38;5;112m[Appium]&amp#27;[0m Requiring driver at C:\Users\kaushal\.appium\node_modules\appium-windows-driver\build\index.js
Appium server URL: in common utils ==>APPIUM_PORT  =====> http://127.0.0.1:4723/
&amp#27;[38;5;86m[HTTP]&amp#27;[0m Request idempotency key: 3e88922f-66b0-4040-ab82-07c59fb42c83
&amp#27;[38;5;86m[HTTP]&amp#27;[0m &amp#27;[37m-->&amp#27;[39m &amp#27;[37mPOST&amp#27;[39m &amp#27;[37m/session&amp#27;[39m &amp#27;[90m{"capabilities":{"firstMatch":[{"appium:noReset":true,"appium:uiautomator2ServerLaunchTimeout":100000,"appium:autoGrantPermissions":true,"appium:adbExecTimeout":100000,"appium:appActivity":"flipboard.activities.FirstLaunchCoverActivity","appium:deviceName":"192.168.1.155:43581 ","platformName":"ANDROID","appium:automationName":"UiAutomator2","appium:platformVersion":"14","appium:appPackage":"flipboard.app"}]}}&amp#27;[39m
&amp#27;[38;5;157m[AppiumDriver@461d]&amp#27;[0m Calling AppiumDriver.createSession() with args: [null,null,{"firstMatch":[{"appium:noReset":true,"appium:uiautomator2ServerLaunchTimeout":100000,"appium:autoGrantPermissions":true,"appium:adbExecTimeout":100000,"appium:appActivity":"flipboard.activities.FirstLaunchCoverActivity","appium:deviceName":"192.168.1.155:43581 ","platformName":"ANDROID","appium:automationName":"UiAutomator2","appium:platformVersion":"14","appium:appPackage":"flipboard.app"}]}]
&amp#27;[38;5;157m[AppiumDriver@461d]&amp#27;[0m Event 'newSessionRequested' logged at 1748776027365 (16:37:07 GMT+0530 (India Standard Time))
&amp#27;[38;5;112m[Appium]&amp#27;[0m Attempting to find matching driver for automationName 'UiAutomator2' and platformName 'ANDROID'
&amp#27;[38;5;112m[Appium]&amp#27;[0m The 'uiautomator2' driver was installed and matched caps.
&amp#27;[38;5;112m[Appium]&amp#27;[0m Will require it at C:\Users\kaushal\.appium\node_modules\appium-uiautomator2-driver
&amp#27;[38;5;112m[Appium]&amp#27;[0m Requiring driver at C:\Users\kaushal\.appium\node_modules\appium-uiautomator2-driver\build\index.js
&amp#27;[38;5;157m[AppiumDriver@461d]&amp#27;[0m Appium v2.11.5 creating new AndroidUiautomator2Driver (v3.8.0) session
&amp#27;[38;5;157m[AppiumDriver@461d]&amp#27;[0m Checking BaseDriver versions for Appium and AndroidUiautomator2Driver
&amp#27;[38;5;157m[AppiumDriver@461d]&amp#27;[0m Appium's BaseDriver version is 9.11.5
&amp#27;[38;5;157m[AppiumDriver@461d]&amp#27;[0m AndroidUiautomator2Driver's BaseDriver version is 9.11.5
&amp#27;[38;5;13m[AndroidUiautomator2Driver@6d75]&amp#27;[0m 
&amp#27;[38;5;13m[AndroidUiautomator2Driver@6d75]&amp#27;[0m Creating session with W3C capabilities: {
  "alwaysMatch": {
    "platformName": "ANDROID",
    "appium:noReset": true,
    "appium:uiautomator2ServerLaunchTimeout": 100000,
    "appium:autoGrantPermissions": true,
    "appium:adbExecTimeout": 100000,
    "appium:appActivity": "flipboard.activities.FirstLaunchCoverActivity",
    "appium:deviceName": "192.168.1.155:43581 ",
    "appium:automationName": "UiAutomator2",
    "appium:platformVersion": "14",
    "appium:appPackage": "flipboard.app"
  },
  "firstMatch": [
    {}
  ]
}
&amp#27;[38;5;150m[99431008]&amp#27;[0m&amp#27;[38;5;13m[AndroidUiautomator2Driver@6d75]&amp#27;[0m Session created with session id: 99431008-a617-458f-a6ad-57af2283046c
&amp#27;[38;5;150m[99431008]&amp#27;[0m&amp#27;[38;5;229m[ADB]&amp#27;[0m Using 'adb.exe' from 'C:\Users\kaushal\AppData\Local\Android\Sdk\platform-tools\adb.exe'
&amp#27;[38;5;150m[99431008]&amp#27;[0m&amp#27;[38;5;229m[ADB]&amp#27;[0m Running 'C:\Users\kaushal\AppData\Local\Android\Sdk\platform-tools\adb.exe -P 5037 start-server'
&amp#27;[38;5;150m[99431008]&amp#27;[0m&amp#27;[38;5;13m[AndroidUiautomator2Driver@6d75]&amp#27;[0m Retrieving device list
&amp#27;[38;5;150m[99431008]&amp#27;[0m&amp#27;[38;5;229m[ADB]&amp#27;[0m Trying to find connected Android devices
&amp#27;[38;5;150m[99431008]&amp#27;[0m&amp#27;[38;5;229m[ADB]&amp#27;[0m Getting connected devices
&amp#27;[38;5;150m[99431008]&amp#27;[0m&amp#27;[38;5;229m[ADB]&amp#27;[0m Connected devices: [{"udid":"emulator-5554","state":"device"}]
&amp#27;[38;5;150m[99431008]&amp#27;[0m&amp#27;[38;5;13m[AndroidUiautomator2Driver@6d75]&amp#27;[0m Looking for a device with Android '14.0.0'
&amp#27;[38;5;150m[99431008]&amp#27;[0m&amp#27;[38;5;229m[ADB]&amp#27;[0m Setting device id to emulator-5554
&amp#27;[38;5;150m[99431008]&amp#27;[0m&amp#27;[38;5;229m[ADB]&amp#27;[0m Getting device platform version
&amp#27;[38;5;150m[99431008]&amp#27;[0m&amp#27;[38;5;229m[ADB]&amp#27;[0m Running 'C:\Users\kaushal\AppData\Local\Android\Sdk\platform-tools\adb.exe -P 5037 -s emulator-5554 shell getprop ro.build.version.release'
&amp#27;[38;5;150m[99431008]&amp#27;[0m&amp#27;[38;5;229m[ADB]&amp#27;[0m Current device property 'ro.build.version.release': 14
&amp#27;[38;5;150m[99431008]&amp#27;[0m&amp#27;[38;5;13m[AndroidUiautomator2Driver@6d75]&amp#27;[0m Using device: emulator-5554
&amp#27;[38;5;150m[99431008]&amp#27;[0m&amp#27;[38;5;229m[ADB]&amp#27;[0m Using 'adb.exe' from 'C:\Users\kaushal\AppData\Local\Android\Sdk\platform-tools\adb.exe'
&amp#27;[38;5;150m[99431008]&amp#27;[0m&amp#27;[38;5;229m[ADB]&amp#27;[0m Running 'C:\Users\kaushal\AppData\Local\Android\Sdk\platform-tools\adb.exe -P 5037 start-server'
&amp#27;[38;5;150m[99431008]&amp#27;[0m&amp#27;[38;5;229m[ADB]&amp#27;[0m Setting device id to emulator-5554
&amp#27;[38;5;150m[99431008]&amp#27;[0m&amp#27;[38;5;13m[AndroidUiautomator2Driver@6d75]&amp#27;[0m Starting 'flipboard.app' directly on the device
&amp#27;[38;5;150m[99431008]&amp#27;[0m&amp#27;[38;5;229m[ADB]&amp#27;[0m Running 'C:\Users\kaushal\AppData\Local\Android\Sdk\platform-tools\adb.exe -P 5037 -s emulator-5554 shell getprop ro.build.version.sdk'
&amp#27;[38;5;150m[99431008]&amp#27;[0m&amp#27;[38;5;229m[ADB]&amp#27;[0m Current device property 'ro.build.version.sdk': 34
&amp#27;[38;5;150m[99431008]&amp#27;[0m&amp#27;[38;5;229m[ADB]&amp#27;[0m Getting device platform version
&amp#27;[38;5;150m[99431008]&amp#27;[0m&amp#27;[38;5;229m[ADB]&amp#27;[0m Running 'C:\Users\kaushal\AppData\Local\Android\Sdk\platform-tools\adb.exe -P 5037 -s emulator-5554 shell getprop ro.build.version.release'
&amp#27;[38;5;150m[99431008]&amp#27;[0m&amp#27;[38;5;229m[ADB]&amp#27;[0m Current device property 'ro.build.version.release': 14
&amp#27;[38;5;150m[99431008]&amp#27;[0m&amp#27;[38;5;229m[ADB]&amp#27;[0m Device API level: 34
&amp#27;[38;5;150m[99431008]&amp#27;[0m&amp#27;[38;5;13m[AndroidUiautomator2Driver@6d75]&amp#27;[0m Relaxing hidden api policy
&amp#27;[38;5;150m[99431008]&amp#27;[0m&amp#27;[38;5;229m[ADB]&amp#27;[0m Running 'C:\Users\kaushal\AppData\Local\Android\Sdk\platform-tools\adb.exe -P 5037 -s emulator-5554 shell 'settings put global hidden_api_policy_pre_p_apps 1;settings put global hidden_api_policy_p_apps 1;settings put global hidden_api_policy 1''
&amp#27;[38;5;150m[99431008]&amp#27;[0m&amp#27;[38;5;13m[AndroidUiautomator2Driver@6d75]&amp#27;[0m No app sent in, not parsing package/activity
&amp#27;[38;5;150m[99431008]&amp#27;[0m&amp#27;[38;5;229m[ADB]&amp#27;[0m Running 'C:\Users\kaushal\AppData\Local\Android\Sdk\platform-tools\adb.exe -P 5037 -s emulator-5554 wait-for-device'
&amp#27;[38;5;150m[99431008]&amp#27;[0m&amp#27;[38;5;229m[ADB]&amp#27;[0m Running 'C:\Users\kaushal\AppData\Local\Android\Sdk\platform-tools\adb.exe -P 5037 -s emulator-5554 shell echo ping'
&amp#27;[38;5;150m[99431008]&amp#27;[0m&amp#27;[38;5;13m[AndroidUiautomator2Driver@6d75]&amp#27;[0m Pushing settings apk to the device...
&amp#27;[38;5;150m[99431008]&amp#27;[0m&amp#27;[38;5;229m[ADB]&amp#27;[0m Getting package info for 'io.appium.settings'
&amp#27;[38;5;150m[99431008]&amp#27;[0m&amp#27;[38;5;229m[ADB]&amp#27;[0m Running 'C:\Users\kaushal\AppData\Local\Android\Sdk\platform-tools\adb.exe -P 5037 -s emulator-5554 shell dumpsys package io.appium.settings'
&amp#27;[38;5;150m[99431008]&amp#27;[0m&amp#27;[38;5;229m[ADB]&amp#27;[0m Using 'aapt2.exe' from 'C:\Users\kaushal\AppData\Local\Android\Sdk\build-tools\35.0.0\aapt2.exe'
&amp#27;[38;5;150m[99431008]&amp#27;[0m&amp#27;[38;5;229m[ADB]&amp#27;[0m Reading package manifest: 'C:\\Users\\kaushal\\AppData\\Local\\Android\\Sdk\\build-tools\\35.0.0\\aapt2.exe dump badging C:\\Users\\kaushal\\.appium\\node_modules\\appium-uiautomator2-driver\\node_modules\\io.appium.settings\\apks\\settings_apk-debug.apk'
&amp#27;[38;5;150m[99431008]&amp#27;[0m&amp#27;[38;5;229m[ADB]&amp#27;[0m The version name of the installed 'io.appium.settings' is greater or equal to the application version name ('5.12.13' >= '5.12.13')
&amp#27;[38;5;150m[99431008]&amp#27;[0m&amp#27;[38;5;229m[ADB]&amp#27;[0m There is no need to install/upgrade 'C:\Users\kaushal\.appium\node_modules\appium-uiautomator2-driver\node_modules\io.appium.settings\apks\settings_apk-debug.apk'
&amp#27;[38;5;150m[99431008]&amp#27;[0m&amp#27;[38;5;229m[ADB]&amp#27;[0m Running 'C:\Users\kaushal\AppData\Local\Android\Sdk\platform-tools\adb.exe -P 5037 -s emulator-5554 shell dumpsys activity services io.appium.settings'
&amp#27;[38;5;150m[99431008]&amp#27;[0m&amp#27;[38;5;13m[AndroidUiautomator2Driver@6d75]&amp#27;[0m io.appium.settings is already running. There is no need to reset its permissions.
&amp#27;[38;5;150m[99431008]&amp#27;[0m&amp#27;[38;5;160m[Logcat]&amp#27;[0m Starting logs capture with command: C:\\Users\\kaushal\\AppData\\Local\\Android\\Sdk\\platform-tools\\adb.exe -P 5037 -s emulator-5554 logcat -v threadtime
&amp#27;[38;5;150m[99431008]&amp#27;[0m&amp#27;[38;5;13m[AndroidUiautomator2Driver@6d75]&amp#27;[0m Forwarding UiAutomator2 Server port 6790 to local port 8206
&amp#27;[38;5;150m[99431008]&amp#27;[0m&amp#27;[38;5;229m[ADB]&amp#27;[0m Forwarding system: 8206 to device: 6790
&amp#27;[38;5;150m[99431008]&amp#27;[0m&amp#27;[38;5;229m[ADB]&amp#27;[0m Running 'C:\Users\kaushal\AppData\Local\Android\Sdk\platform-tools\adb.exe -P 5037 -s emulator-5554 forward tcp:8206 tcp:6790'
&amp#27;[38;5;150m[99431008]&amp#27;[0m&amp#27;[38;5;229m[ADB]&amp#27;[0m Getting package info for 'io.appium.uiautomator2.server'
&amp#27;[38;5;150m[99431008]&amp#27;[0m&amp#27;[38;5;229m[ADB]&amp#27;[0m Running 'C:\Users\kaushal\AppData\Local\Android\Sdk\platform-tools\adb.exe -P 5037 -s emulator-5554 shell dumpsys package io.appium.uiautomator2.server'
&amp#27;[38;5;150m[99431008]&amp#27;[0m&amp#27;[38;5;229m[ADB]&amp#27;[0m Getting install status for io.appium.uiautomator2.server.test
&amp#27;[38;5;150m[99431008]&amp#27;[0m&amp#27;[38;5;13m[AndroidUiautomator2Driver@6d75]&amp#27;[0m No app capability. Assuming it is already on the device
&amp#27;[38;5;150m[99431008]&amp#27;[0m&amp#27;[38;5;229m[ADB]&amp#27;[0m Running 'C:\Users\kaushal\AppData\Local\Android\Sdk\platform-tools\adb.exe -P 5037 -s emulator-5554 shell cmd package list packages'
&amp#27;[38;5;150m[99431008]&amp#27;[0m&amp#27;[38;5;229m[ADB]&amp#27;[0m Reading package manifest: 'C:\\Users\\kaushal\\AppData\\Local\\Android\\Sdk\\build-tools\\35.0.0\\aapt2.exe dump badging C:\\Users\\kaushal\\.appium\\node_modules\\appium-uiautomator2-driver\\node_modules\\appium-uiautomator2-server\\apks\\appium-uiautomator2-server-v7.0.25.apk'
&amp#27;[38;5;150m[99431008]&amp#27;[0m&amp#27;[38;5;229m[ADB]&amp#27;[0m 'io.appium.uiautomator2.server.test' is installed
&amp#27;[38;5;150m[99431008]&amp#27;[0m&amp#27;[38;5;229m[ADB]&amp#27;[0m The version name of the installed 'io.appium.uiautomator2.server' is greater or equal to the application version name ('7.0.25' >= '7.0.25')
&amp#27;[38;5;150m[99431008]&amp#27;[0m&amp#27;[38;5;13m[AndroidUiautomator2Driver@6d75]&amp#27;[0m Server packages status: [{"installState":"sameVersionInstalled","appPath":"C:\\Users\\kaushal\\.appium\\node_modules\\appium-uiautomator2-driver\\node_modules\\appium-uiautomator2-server\\apks\\appium-uiautomator2-server-v7.0.25.apk","appId":"io.appium.uiautomator2.server"},{"installState":"sameVersionInstalled","appPath":"C:\\Users\\kaushal\\.appium\\node_modules\\appium-uiautomator2-driver\\node_modules\\appium-uiautomator2-server\\apks\\appium-uiautomator2-server-debug-androidTest.apk","appId":"io.appium.uiautomator2.server.test"}]
&amp#27;[38;5;150m[99431008]&amp#27;[0m&amp#27;[38;5;13m[AndroidUiautomator2Driver@6d75]&amp#27;[0m Server packages are not going to be (re)installed
&amp#27;[38;5;150m[99431008]&amp#27;[0m&amp#27;[38;5;13m[AndroidUiautomator2Driver@6d75]&amp#27;[0m Waiting up to 30000ms for services to be available
&amp#27;[38;5;150m[99431008]&amp#27;[0m&amp#27;[38;5;229m[ADB]&amp#27;[0m Running 'C:\Users\kaushal\AppData\Local\Android\Sdk\platform-tools\adb.exe -P 5037 -s emulator-5554 shell pm list instrumentation'
&amp#27;[38;5;150m[99431008]&amp#27;[0m&amp#27;[38;5;13m[AndroidUiautomator2Driver@6d75]&amp#27;[0m Instrumentation target 'io.appium.uiautomator2.server.test/androidx.test.runner.AndroidJUnitRunner' is available
&amp#27;[38;5;150m[99431008]&amp#27;[0m&amp#27;[38;5;229m[ADB]&amp#27;[0m Adding packages ["io.appium.settings","io.appium.uiautomator2.server","io.appium.uiautomator2.server.test"] to Doze whitelist
&amp#27;[38;5;150m[99431008]&amp#27;[0m&amp#27;[38;5;229m[ADB]&amp#27;[0m Got the following command chunks to execute: [["dumpsys","deviceidle","whitelist","+io.appium.settings",";","dumpsys","deviceidle","whitelist","+io.appium.uiautomator2.server",";","dumpsys","deviceidle","whitelist","+io.appium.uiautomator2.server.test",";"]]
&amp#27;[38;5;150m[99431008]&amp#27;[0m&amp#27;[38;5;229m[ADB]&amp#27;[0m Running 'C:\Users\kaushal\AppData\Local\Android\Sdk\platform-tools\adb.exe -P 5037 -s emulator-5554 shell dumpsys deviceidle whitelist +io.appium.settings ; dumpsys deviceidle whitelist +io.appium.uiautomator2.server ; dumpsys deviceidle whitelist +io.appium.uiautomator2.server.test ;'
&amp#27;[38;5;150m[99431008]&amp#27;[0m&amp#27;[38;5;13m[AndroidUiautomator2Driver@6d75]&amp#27;[0m Performing shallow cleanup of automation leftovers
&amp#27;[38;5;150m[99431008]&amp#27;[0m&amp#27;[38;5;13m[AndroidUiautomator2Driver@6d75]&amp#27;[0m The following obsolete sessions are still running: ["5d31ba23-5f57-4e07-879e-3bf8896bd780"]
&amp#27;[38;5;150m[99431008]&amp#27;[0m&amp#27;[38;5;13m[AndroidUiautomator2Driver@6d75]&amp#27;[0m Cleaning up 1 obsolete session
&amp#27;[38;5;112m[Appium]&amp#27;[0m AndroidUiautomator2Driver has been successfully loaded in 3.474s
&amp#27;[38;5;112m[Appium]&amp#27;[0m ChromiumDriver has been successfully loaded in 3.473s
&amp#27;[38;5;112m[Appium]&amp#27;[0m WindowsDriver has been successfully loaded in 3.473s
&amp#27;[38;5;86m[HTTP]&amp#27;[0m Could not start REST http interface listener. The requested port may already be in use. Please make sure there is no other instance of this server running already.
&amp#27;[38;5;112m[Appium]&amp#27;[0m Could not configure Appium server. It's possible that a driver or plugin tried to update the server and failed. Original error: listen EADDRINUSE: address already in use 0.0.0.0:4723
&amp#27;[38;5;112m[Appium]&amp#27;[0m Error: listen EADDRINUSE: address already in use 0.0.0.0:4723
    at Server.setupListenHandle [as _listen2] (node:net:1897:16)
    at listenInCluster (node:net:1945:12)
    at doListen (node:net:2109:7)
    at processTicksAndRejections (node:internal/process/task_queues:83:21)
&amp#27;[38;5;24m[c636cf10]&amp#27;[0m&amp#27;[38;5;-20m[AndroidUiautomator2Driver@24da]&amp#27;[0m [Instrumentation] io.appium.uiautomator2.server.test.AppiumUiAutomator2Server:.
&amp#27;[38;5;24m[c636cf10]&amp#27;[0m&amp#27;[38;5;-20m[AndroidUiautomator2Driver@24da]&amp#27;[0m [Instrumentation] 
&amp#27;[38;5;24m[c636cf10]&amp#27;[0m&amp#27;[38;5;-20m[AndroidUiautomator2Driver@24da]&amp#27;[0m [Instrumentation] Time: 34.37
&amp#27;[38;5;24m[c636cf10]&amp#27;[0m&amp#27;[38;5;-20m[AndroidUiautomator2Driver@24da]&amp#27;[0m [Instrumentation] 
&amp#27;[38;5;24m[c636cf10]&amp#27;[0m&amp#27;[38;5;-20m[AndroidUiautomator2Driver@24da]&amp#27;[0m [Instrumentation] OK (1 test)
&amp#27;[38;5;24m[c636cf10]&amp#27;[0m&amp#27;[38;5;-20m[AndroidUiautomator2Driver@24da]&amp#27;[0m [Instrumentation] 
&amp#27;[38;5;24m[c636cf10]&amp#27;[0m&amp#27;[38;5;-20m[AndroidUiautomator2Driver@24da]&amp#27;[0m [Instrumentation] 
&amp#27;[38;5;24m[c636cf10]&amp#27;[0m&amp#27;[38;5;-20m[AndroidUiautomator2Driver@24da]&amp#27;[0m [Instrumentation] The process has exited with code 0, signal null
&amp#27;[38;5;150m[99431008]&amp#27;[0m&amp#27;[38;5;229m[ADB]&amp#27;[0m Running 'C:\Users\kaushal\AppData\Local\Android\Sdk\platform-tools\adb.exe -P 5037 -s emulator-5554 shell am force-stop io.appium.uiautomator2.server'
&amp#27;[38;5;150m[99431008]&amp#27;[0m&amp#27;[38;5;229m[ADB]&amp#27;[0m Running 'C:\Users\kaushal\AppData\Local\Android\Sdk\platform-tools\adb.exe -P 5037 -s emulator-5554 shell am force-stop io.appium.uiautomator2.server.test'
&amp#27;[38;5;150m[99431008]&amp#27;[0m&amp#27;[38;5;13m[AndroidUiautomator2Driver@6d75]&amp#27;[0m Starting UIAutomator2 server 7.0.25
&amp#27;[38;5;150m[99431008]&amp#27;[0m&amp#27;[38;5;13m[AndroidUiautomator2Driver@6d75]&amp#27;[0m Using UIAutomator2 server from 'C:\Users\kaushal\.appium\node_modules\appium-uiautomator2-driver\node_modules\appium-uiautomator2-server\apks\appium-uiautomator2-server-v7.0.25.apk' and test from 'C:\Users\kaushal\.appium\node_modules\appium-uiautomator2-driver\node_modules\appium-uiautomator2-server\apks\appium-uiautomator2-server-debug-androidTest.apk'
&amp#27;[38;5;150m[99431008]&amp#27;[0m&amp#27;[38;5;13m[AndroidUiautomator2Driver@6d75]&amp#27;[0m Waiting up to 100000ms for UiAutomator2 to be online...
&amp#27;[38;5;150m[99431008]&amp#27;[0m&amp#27;[38;5;229m[ADB]&amp#27;[0m Creating ADB subprocess with args: ["-P","5037","-s","emulator-5554","shell","am","instrument","-w","-e","disableAnalytics","true","io.appium.uiautomator2.server.test/androidx.test.runner.AndroidJUnitRunner"]
&amp#27;[38;5;150m[99431008]&amp#27;[0m&amp#27;[38;5;13m[AndroidUiautomator2Driver@6d75]&amp#27;[0m Matched '/status' to command name 'getStatus'
&amp#27;[38;5;150m[99431008]&amp#27;[0m&amp#27;[38;5;13m[AndroidUiautomator2Driver@6d75]&amp#27;[0m Proxying [GET /status] to [GET http://127.0.0.1:8206/status] with no body
&amp#27;[38;5;150m[99431008]&amp#27;[0m&amp#27;[38;5;13m[AndroidUiautomator2Driver@6d75]&amp#27;[0m socket hang up
&amp#27;[38;5;150m[99431008]&amp#27;[0m&amp#27;[38;5;13m[AndroidUiautomator2Driver@6d75]&amp#27;[0m Matched '/status' to command name 'getStatus'
&amp#27;[38;5;150m[99431008]&amp#27;[0m&amp#27;[38;5;13m[AndroidUiautomator2Driver@6d75]&amp#27;[0m Proxying [GET /status] to [GET http://127.0.0.1:8206/status] with no body
&amp#27;[38;5;150m[99431008]&amp#27;[0m&amp#27;[38;5;13m[AndroidUiautomator2Driver@6d75]&amp#27;[0m socket hang up
&amp#27;[38;5;150m[99431008]&amp#27;[0m&amp#27;[38;5;13m[AndroidUiautomator2Driver@6d75]&amp#27;[0m [Instrumentation] 
&amp#27;[38;5;150m[99431008]&amp#27;[0m&amp#27;[38;5;13m[AndroidUiautomator2Driver@6d75]&amp#27;[0m Matched '/status' to command name 'getStatus'
&amp#27;[38;5;150m[99431008]&amp#27;[0m&amp#27;[38;5;13m[AndroidUiautomator2Driver@6d75]&amp#27;[0m Proxying [GET /status] to [GET http://127.0.0.1:8206/status] with no body
&amp#27;[38;5;150m[99431008]&amp#27;[0m&amp#27;[38;5;13m[AndroidUiautomator2Driver@6d75]&amp#27;[0m socket hang up
&amp#27;[38;5;150m[99431008]&amp#27;[0m&amp#27;[38;5;13m[AndroidUiautomator2Driver@6d75]&amp#27;[0m Matched '/status' to command name 'getStatus'
&amp#27;[38;5;150m[99431008]&amp#27;[0m&amp#27;[38;5;13m[AndroidUiautomator2Driver@6d75]&amp#27;[0m Proxying [GET /status] to [GET http://127.0.0.1:8206/status] with no body
&amp#27;[38;5;150m[99431008]&amp#27;[0m&amp#27;[38;5;13m[AndroidUiautomator2Driver@6d75]&amp#27;[0m socket hang up
&amp#27;[38;5;150m[99431008]&amp#27;[0m&amp#27;[38;5;13m[AndroidUiautomator2Driver@6d75]&amp#27;[0m Matched '/status' to command name 'getStatus'
&amp#27;[38;5;150m[99431008]&amp#27;[0m&amp#27;[38;5;13m[AndroidUiautomator2Driver@6d75]&amp#27;[0m Proxying [GET /status] to [GET http://127.0.0.1:8206/status] with no body
&amp#27;[38;5;150m[99431008]&amp#27;[0m&amp#27;[38;5;13m[AndroidUiautomator2Driver@6d75]&amp#27;[0m Got response with status 200: {"sessionId":"None","value":{"message":"UiAutomator2 Server is ready to accept commands","ready":true}}
&amp#27;[38;5;150m[99431008]&amp#27;[0m&amp#27;[38;5;13m[AndroidUiautomator2Driver@6d75]&amp#27;[0m The initialization of the instrumentation process took 4338ms
&amp#27;[38;5;150m[99431008]&amp#27;[0m&amp#27;[38;5;13m[AndroidUiautomator2Driver@6d75]&amp#27;[0m Matched '/session' to command name 'createSession'
&amp#27;[38;5;150m[99431008]&amp#27;[0m&amp#27;[38;5;13m[AndroidUiautomator2Driver@6d75]&amp#27;[0m Proxying [POST /session] to [POST http://127.0.0.1:8206/session] with body: {"capabilities":{"firstMatch":[{"platformName":"ANDROID","noReset":true,"uiautomator2ServerLaunchTimeout":100000,"autoGrantPermissions":true,"adbExecTimeout":100000,"appActivity":"flipboard.activities.FirstLaunchCoverActivity","deviceName":"emulator-5554","automationName":"UiAutomator2","platformVersion":"14","appPackage":"flipboard.app","platform":"LINUX","webStorageEnabled":false,"takesScreenshot":true,"javascriptEnabled":true,"databaseEnabled":false,"networkConnectionEnabled":true,"locationContextEnabled":false,"warnings":{},"desired":{"platformName":"ANDROID","noReset":true,"uiautomator2ServerLaunchTimeout":100000,"autoGrantPermissions":true,"adbExecTimeout":100000,"appActivity":"flipboard.activities.FirstLaunchCoverActivity","deviceName":"192.168.1.155:43581 ","automationName":"UiAutomator2","platformVersion":"14","appPackage":"flipboard.app"},"deviceUDID":"emulator-5554"}],"alwaysMatch":{}}}
&amp#27;[38;5;150m[99431008]&amp#27;[0m&amp#27;[38;5;13m[AndroidUiautomator2Driver@6d75]&amp#27;[0m Got response with status 200: {"sessionId":"5209e1ba-6572-46ef-b1f2-8a22fc07e34f","value":{"capabilities":{"firstMatch":[{"platformName":"ANDROID","noReset":true,"uiautomator2ServerLaunchTimeout":100000,"autoGrantPermissions":true,"adbExecTimeout":100000,"appActivity":"flipboard.activities.FirstLaunchCoverActivity","deviceName":"emulator-5554","automationName":"UiAutomator2","platformVersion":"14","appPackage":"flipboard.app","platform":"LINUX","webStorageEnabled":false,"takesScreenshot":true,"javascriptEnabled":true,"databaseEnabled":false,"networkConnectionEnabled":true,"locationContextEnabled":false,"warnings":{},"desired":{"platformName":"ANDROID","noReset":true,"uiautomator2ServerLaunchTimeout":100000,"autoGrantPermissions":true,"adbExecTimeout":100000,"appActivity":"flipboard.activities.FirstLaunchCoverActivity","deviceName":"192.168.1.155:43581 ","automationName":"UiAutomator2","platformVersion":"14","appPackage":"flipboard.app"},"deviceUDID":"emulator-5554"}],"alwaysMatch":{}},"sessionId":"5209e1ba-6572-46ef-b1f2-8a22fc07e34f"}}
&amp#27;[38;5;150m[99431008]&amp#27;[0m&amp#27;[38;5;13m[AndroidUiautomator2Driver@6d75]&amp#27;[0m Determined the downstream protocol as 'W3C'
&amp#27;[38;5;150m[99431008]&amp#27;[0m&amp#27;[38;5;13m[AndroidUiautomator2Driver@6d75]&amp#27;[0m Proxying [GET /appium/device/pixel_ratio] to [GET http://127.0.0.1:8206/session/5209e1ba-6572-46ef-b1f2-8a22fc07e34f/appium/device/pixel_ratio] with no body
&amp#27;[38;5;150m[99431008]&amp#27;[0m&amp#27;[38;5;13m[AndroidUiautomator2Driver@6d75]&amp#27;[0m Matched '/appium/device/system_bars' to command name 'getSystemBars'
&amp#27;[38;5;150m[99431008]&amp#27;[0m&amp#27;[38;5;13m[AndroidUiautomator2Driver@6d75]&amp#27;[0m Proxying [GET /appium/device/system_bars] to [GET http://127.0.0.1:8206/session/5209e1ba-6572-46ef-b1f2-8a22fc07e34f/appium/device/system_bars] with no body
&amp#27;[38;5;150m[99431008]&amp#27;[0m&amp#27;[38;5;13m[AndroidUiautomator2Driver@6d75]&amp#27;[0m Matched '/window/current/size' to command name 'getWindowSize'
&amp#27;[38;5;150m[99431008]&amp#27;[0m&amp#27;[38;5;13m[AndroidUiautomator2Driver@6d75]&amp#27;[0m Proxying [GET /window/current/size] to [GET http://127.0.0.1:8206/session/5209e1ba-6572-46ef-b1f2-8a22fc07e34f/window/current/size] with no body
&amp#27;[38;5;150m[99431008]&amp#27;[0m&amp#27;[38;5;13m[AndroidUiautomator2Driver@6d75]&amp#27;[0m Proxying [GET /appium/device/info] to [GET http://127.0.0.1:8206/session/5209e1ba-6572-46ef-b1f2-8a22fc07e34f/appium/device/info] with no body
&amp#27;[38;5;150m[99431008]&amp#27;[0m&amp#27;[38;5;229m[ADB]&amp#27;[0m Running 'C:\Users\kaushal\AppData\Local\Android\Sdk\platform-tools\adb.exe -P 5037 -s emulator-5554 shell dumpsys window'
&amp#27;[38;5;150m[99431008]&amp#27;[0m&amp#27;[38;5;229m[ADB]&amp#27;[0m Running 'C:\Users\kaushal\AppData\Local\Android\Sdk\platform-tools\adb.exe -P 5037 -s emulator-5554 shell dumpsys power'
&amp#27;[38;5;150m[99431008]&amp#27;[0m&amp#27;[38;5;13m[AndroidUiautomator2Driver@6d75]&amp#27;[0m Got response with status 200: {"sessionId":"5209e1ba-6572-46ef-b1f2-8a22fc07e34f","value":2.625}
&amp#27;[38;5;150m[99431008]&amp#27;[0m&amp#27;[38;5;13m[AndroidUiautomator2Driver@6d75]&amp#27;[0m Got response with status 200: {"sessionId":"5209e1ba-6572-46ef-b1f2-8a22fc07e34f","value":{"statusBar":128}}
&amp#27;[38;5;150m[99431008]&amp#27;[0m&amp#27;[38;5;13m[AndroidUiautomator2Driver@6d75]&amp#27;[0m Got response with status 200: {"sessionId":"5209e1ba-6572-46ef-b1f2-8a22fc07e34f","value":{"height":2400,"width":1080}}
&amp#27;[38;5;150m[99431008]&amp#27;[0m&amp#27;[38;5;13m[AndroidUiautomator2Driver@6d75]&amp#27;[0m Got response with status 200: {"sessionId":"5209e1ba-6572-46ef-b1f2-8a22fc07e34f","value":{"androidId":"d5c88eae527501fe","apiVersion":"34","bluetooth":{"state":"ON"},"brand":"google","carrierName":"T-Mobile","displayDensity":420,"locale":"en_US","manufacturer":"Google","model":"sdk_gphone64_x86_64","networks":[{"capabilities":{"SSID":null,"linkDownBandwidthKbps":30000,"linkUpstreamBandwidthKbps":15000,"networkCapabilities":"NET_CAPABILITY_MMS,NET_CAPABILITY_SUPL,NET_CAPABILITY_DUN,NET_CAPABILITY_FOTA,NET_CAPABILITY_IMS,NET_CAPABILITY_CBS,NET_CAPABILITY_INTERNET,NET_CAPABILITY_NOT_RESTRICTED,NET_CAPABILITY_TRUSTED,NET_CAPABILITY_NOT_VPN,NET_CAPABILITY_VALIDATED,NET_CAPABILITY_NOT_ROAMING,NET_CAPABILITY_NOT_CONGESTED,NET_CAPABILITY_NOT_SUSPENDED","signalStrength":-2147483648,"transportTypes":"TRANSPORT_CELLULAR"},"detailedState":"CONNECTED","extraInfo":"epc.tmobile.com","isAvailable":true,"isConnected":true,"isFailover":false,"isRoaming":false,"state":"CONNECTED","subtype":13,"subtypeName":"LTE","type":0,"typeName":"MOBILE"},{"capabilit...
&amp#27;[38;5;150m[99431008]&amp#27;[0m&amp#27;[38;5;13m[AndroidUiautomator2Driver@6d75]&amp#27;[0m Screen already unlocked, doing nothing
&amp#27;[38;5;150m[99431008]&amp#27;[0m&amp#27;[38;5;13m[AndroidUiautomator2Driver@6d75]&amp#27;[0m Starting 'flipboard.app/flipboard.activities.FirstLaunchCoverActivity and waiting for 'flipboard.app/flipboard.activities.FirstLaunchCoverActivity'
&amp#27;[38;5;150m[99431008]&amp#27;[0m&amp#27;[38;5;229m[ADB]&amp#27;[0m Getting IDs of all 'flipboard.app' processes
&amp#27;[38;5;150m[99431008]&amp#27;[0m&amp#27;[38;5;229m[ADB]&amp#27;[0m Running 'C:\Users\kaushal\AppData\Local\Android\Sdk\platform-tools\adb.exe -P 5037 -s emulator-5554 shell 'pgrep --help; echo $?''
&amp#27;[38;5;150m[99431008]&amp#27;[0m&amp#27;[38;5;229m[ADB]&amp#27;[0m Running 'C:\Users\kaushal\AppData\Local\Android\Sdk\platform-tools\adb.exe -P 5037 -s emulator-5554 shell pgrep -f \(\[\[:blank:\]\]\|\^\)flipboard\.app\(\[\[:blank:\]\]\|\$\)'
&amp#27;[38;5;150m[99431008]&amp#27;[0m&amp#27;[38;5;13m[AndroidUiautomator2Driver@6d75]&amp#27;[0m 'flipboard.app' is already running and noReset is enabled. Set forceAppLaunch capability to true if the app must be forcefully restarted on session startup.
&amp#27;[38;5;150m[99431008]&amp#27;[0m&amp#27;[38;5;157m[AppiumDriver@461d]&amp#27;[0m New AndroidUiautomator2Driver session created successfully, session 99431008-a617-458f-a6ad-57af2283046c added to master session list
&amp#27;[38;5;150m[99431008]&amp#27;[0m&amp#27;[38;5;157m[AppiumDriver@461d]&amp#27;[0m Event 'newSessionStarted' logged at 1748776035643 (16:37:15 GMT+0530 (India Standard Time))
&amp#27;[38;5;150m[99431008]&amp#27;[0m&amp#27;[38;5;13m[AndroidUiautomator2Driver@6d75]&amp#27;[0m Cached the protocol value 'W3C' for the new session 99431008-a617-458f-a6ad-57af2283046c
&amp#27;[38;5;150m[99431008]&amp#27;[0m&amp#27;[38;5;13m[AndroidUiautomator2Driver@6d75]&amp#27;[0m Responding to client with driver.createSession() result: {"capabilities":{"platformName":"ANDROID","noReset":true,"uiautomator2ServerLaunchTimeout":100000,"autoGrantPermissions":true,"adbExecTimeout":100000,"appActivity":"flipboard.activities.FirstLaunchCoverActivity","deviceName":"emulator-5554","automationName":"UiAutomator2","platformVersion":"14","appPackage":"flipboard.app","platform":"LINUX","webStorageEnabled":false,"takesScreenshot":true,"javascriptEnabled":true,"databaseEnabled":false,"networkConnectionEnabled":true,"locationContextEnabled":false,"warnings":{},"desired":{"platformName":"ANDROID","noReset":true,"uiautomator2ServerLaunchTimeout":100000,"autoGrantPermissions":true,"adbExecTimeout":100000,"appActivity":"flipboard.activities.FirstLaunchCoverActivity","deviceName":"192.168.1.155:43581 ","automationName":"UiAutomator2","platformVersion":"14","appPackage":"flipboard.app"},"deviceUDID":"emulator-5554","pixelRatio":"2.625","statBarHeight":128,"viewportRect":{"left":0,"top":128,"width":1080,"height":2272},"deviceApiLevel":34,"deviceManufacturer":"...
&amp#27;[38;5;150m[99431008]&amp#27;[0m&amp#27;[38;5;86m[HTTP]&amp#27;[0m &amp#27;[37m<-- POST /session &amp#27;[39m&amp#27;[32m200&amp#27;[39m &amp#27;[90m8280 ms - 1184&amp#27;[39m &amp#27;[90m&amp#27;[39m
Driver initialized: AndroidDriver:  on ANDROID (99431008-a617-458f-a6ad-57af2283046c)
Connected to Appium server at: http://127.0.0.1:4723/
  driver in test base ===AndroidDriver:  on ANDROID (99431008-a617-458f-a6ad-57af2283046c)
 THIS IS END OF SETUP METHOD IN TESTBSE CLASS
&amp#27;[38;5;150m[99431008]&amp#27;[0m&amp#27;[38;5;86m[HTTP]&amp#27;[0m &amp#27;[37m-->&amp#27;[39m &amp#27;[37mGET&amp#27;[39m &amp#27;[37m/session/99431008-a617-458f-a6ad-57af2283046c/screenshot&amp#27;[39m &amp#27;[90m{}&amp#27;[39m
&amp#27;[38;5;150m[99431008]&amp#27;[0m&amp#27;[38;5;13m[AndroidUiautomator2Driver@6d75]&amp#27;[0m Calling AppiumDriver.getScreenshot() with args: ["99431008-a617-458f-a6ad-57af2283046c"]
&amp#27;[38;5;150m[99431008]&amp#27;[0m&amp#27;[38;5;13m[AndroidUiautomator2Driver@6d75]&amp#27;[0m Matched '/screenshot' to command name 'getScreenshot'
&amp#27;[38;5;150m[99431008]&amp#27;[0m&amp#27;[38;5;13m[AndroidUiautomator2Driver@6d75]&amp#27;[0m Proxying [GET /screenshot] to [GET http://127.0.0.1:8206/session/5209e1ba-6572-46ef-b1f2-8a22fc07e34f/screenshot] with no body
&amp#27;[38;5;150m[99431008]&amp#27;[0m&amp#27;[38;5;13m[AndroidUiautomator2Driver@6d75]&amp#27;[0m Got response with status 200: {"sessionId":"5209e1ba-6572-46ef-b1f2-8a22fc07e34f","value":"iVBORw0KGgoAAAANSUhEUgAABDgAAAlgCAYAAABtGofVAAAAAXNSR0IArs4c6QAAAARzQklUCAgICHwIZIgAACAASURBVHic7N15lBxlufjxp6qX6emZnn0ymWwSFRBvNhTkIP5woigeJBJkcbkiQcWriFeU3Htc7tG43HvFFUTEe12IG4rLlQAeBY8nCSBgZElIiIEEkgDJJJmlp2emZ3p6qff3x9jtTDJLvd3V3VU1388574HMVFe91dP91ltPve/zGiKiBAAAAAAAwMPMalcAAAAAAACgVAQ4AAAAAACA5xHgAAAAAAAAnkeAAwAAAAAAeB4BDgAAAAAA4HkEOAAAAAAAgOcR4AAAAAAAAJ5HgAMAAAAAAHgeAQ4AAAAAAOB5BDgAAAAAAIDnEeAAAAAAAACeR4ADAAAAAAB4HgEOAAAAAADgeQQ4AAAAAACA5xHgAAAAAAAAnkeAAwAAAAAAeB4BDgAAAAAA4HkEOAAAAAAAgOcR4AAAAAAAAJ5HgAMAAAAAAHgeAQ4AAAAAAOB5BDgAAAAAAIDnEeAAAAAAAACeR4ADAAAAAAB4HgEOAAAAAADgeQQ4AAAAAACA5xHgAAAAAAAAnkeAAwAAAAAAeB4BDgAAAAAA4HkEOAAAAAAAgOcR4AAAAAAAAJ5HgAMAAAAAAHgeAQ4AAAAAAOB5BDgAAAAAAIDnEeAAAAAAAACeR4ADAAAAAAB4HgEOAAAAAADgeQQ4AAAAAACA5xHgAAAAAAAAnkeAAwAAAAAAeB4BDgAAAAAA4HkEOAAAAAAAgOcR4AAAAAAAAJ5HgAMAAAAAAHgeAQ4AAAAAAOB5BDhQcYZhyJvf/Gb585//LGNjY5LL5cSyLLEsS5RSopQq/H8ul5N0Oi2PPPKIrFmzRgzDqHb1AQAAAAAuZIiIqnYlMDcYhiFf/epX5V//9V8lGAxqByuUUpLNZuW2226T...
&amp#27;[38;5;150m[99431008]&amp#27;[0m&amp#27;[38;5;13m[AndroidUiautomator2Driver@6d75]&amp#27;[0m Responding to client with driver.getScreenshot() result: "iVBORw0KGgoAAAANSUhEUgAABDgAAAlgCAYAAABtGofVAAAAAXNSR0IArs4c6QAAAARzQklUCAgICHwIZIgAACAASURBVHic7N15lBxlufjxp6qX6emZnn0ymWwSFRBvNhTkIP5woigeJBJkcbkiQcWriFeU3Htc7tG43HvFFUTEe12IG4rLlQAeBY8nCSBgZElIiIEEkgDJJJmlp2emZ3p6qff3x9jtTDJLvd3V3VU1388574HMVFe91dP91ltPve/zGiKiBAAAAAAAwMPMalcAAAAAAACgVAQ4AAAAAACA5xHgAAAAAAAAnkeAAwAAAAAAeB4BDgAAAAAA4HkEOAAAAAAAgOcR4AAAAAAAAJ5HgAMAAAAAAHgeAQ4AAAAAAOB5BDgAAAAAAIDnEeAAAAAAAACeR4ADAAAAAAB4HgEOAAAAAADgeQQ4AAAAAACA5xHgAAAAAAAAnkeAAwAAAAAAeB4BDgAAAAAA4HkEOAAAAAAAgOcR4AAAAAAAAJ5HgAMAAAAAAHgeAQ4AAAAAAOB5BDgAAAAAAIDnEeAAAAAAAACeR4ADAAAAAAB4HgEOAAAAAADgeQQ4AAAAAACA5xHgAAAAAAAAnkeAAwAAAAAAeB4BDgAAAAAA4HkEOAAAAAAAgOcR4AAAAAAAAJ5HgAMAAAAAAHgeAQ4AAAAAAOB5BDgAAAAAAIDnEeAAAAAAAACeR4ADAAAAAAB4HgEOAAAAAADgeQQ4AAAAAACA5xHgAAAAAAAAnkeAAwAAAAAAeB4BDgAAAAAA4HkEOAAAAAAAgOcR4AAAAAAAAJ5HgAMAAAAAAHgeAQ4AAAAAAOB5BDhQcYZhyJvf/Gb585//LGNjY5LL5cSyLLEsS5RSopQq/H8ul5N0Oi2PPPKIrFmzRgzDqHb1AQAAAAAuZIiIqnYlMDcYhiFf/epX5V//9V8lGAxqByuUUpLNZuW2226TD33oQ6IUH10AAADAaU1NTbJy5UpZtWqVNDU1Ff6bNzAwINu3by/8d8eOHTIw...
&amp#27;[38;5;150m[99431008]&amp#27;[0m&amp#27;[38;5;86m[HTTP]&amp#27;[0m &amp#27;[37m<-- GET /session/99431008-a617-458f-a6ad-57af2283046c/screenshot &amp#27;[39m&amp#27;[32m200&amp#27;[39m &amp#27;[90m1501 ms - 1683336&amp#27;[39m &amp#27;[90m&amp#27;[39m
 HELLO INIT for TitleSectionTest , SETUP METHOD- BEFORE TEST 
&amp#27;[38;5;24m[c636cf10]&amp#27;[0m&amp#27;[38;5;86m[HTTP]&amp#27;[0m &amp#27;[37m-->&amp#27;[39m &amp#27;[37mGET&amp#27;[39m &amp#27;[37m/session/c636cf10-66e0-488d-b9c5-510f2057effe/context&amp#27;[39m &amp#27;[90m{}&amp#27;[39m
&amp#27;[38;5;24m[c636cf10]&amp#27;[0m&amp#27;[38;5;-20m[AndroidUiautomator2Driver@24da]&amp#27;[0m Calling AppiumDriver.getCurrentContext() with args: ["c636cf10-66e0-488d-b9c5-510f2057effe"]
&amp#27;[38;5;24m[c636cf10]&amp#27;[0m&amp#27;[38;5;-20m[AndroidUiautomator2Driver@24da]&amp#27;[0m Responding to client with driver.getCurrentContext() result: "NATIVE_APP"
&amp#27;[38;5;24m[c636cf10]&amp#27;[0m&amp#27;[38;5;86m[HTTP]&amp#27;[0m &amp#27;[37m<-- GET /session/c636cf10-66e0-488d-b9c5-510f2057effe/context &amp#27;[39m&amp#27;[32m200&amp#27;[39m &amp#27;[90m5 ms - 22&amp#27;[39m &amp#27;[90m&amp#27;[39m
&amp#27;[38;5;24m[c636cf10]&amp#27;[0m&amp#27;[38;5;86m[HTTP]&amp#27;[0m &amp#27;[37m-->&amp#27;[39m &amp#27;[37mPOST&amp#27;[39m &amp#27;[37m/session/c636cf10-66e0-488d-b9c5-510f2057effe/element&amp#27;[39m &amp#27;[90m{"value":"flipboard.app:id/first_launch_cover_continue","using":"id"}&amp#27;[39m
&amp#27;[38;5;24m[c636cf10]&amp#27;[0m&amp#27;[38;5;-20m[AndroidUiautomator2Driver@24da]&amp#27;[0m Calling AppiumDriver.findElement() with args: ["id","flipboard.app:id/first_launch_cover_continue","c636cf10-66e0-488d-b9c5-510f2057effe"]
&amp#27;[38;5;24m[c636cf10]&amp#27;[0m&amp#27;[38;5;-20m[AndroidUiautomator2Driver@24da]&amp#27;[0m Valid locator strategies for this request: xpath, id, class name, accessibility id, css selector, -android uiautomator
&amp#27;[38;5;24m[c636cf10]&amp#27;[0m&amp#27;[38;5;-20m[AndroidUiautomator2Driver@24da]&amp#27;[0m Waiting up to 0 ms for condition
&amp#27;[38;5;24m[c636cf10]&amp#27;[0m&amp#27;[38;5;-20m[AndroidUiautomator2Driver@24da]&amp#27;[0m Encountered internal error running command: UnknownError: An unknown server-side error occurred while processing the command. Original error: 'POST /element' cannot be proxied to UiAutomator2 server because the instrumentation process is not running (probably crashed). Check the server log and/or the logcat output for more details
    at UIA2Proxy.command (C:\Users\kaushal\AppData\Roaming\npm\node_modules\appium\node_modules\@appium\base-driver\lib\jsonwp-proxy\proxy.js:350:13)
    at processTicksAndRejections (node:internal/process/task_queues:95:5)
    at AndroidUiautomator2Driver.doFindElementOrEls (C:\Users\kaushal\.appium\node_modules\appium-uiautomator2-driver\lib\commands\find.js:40:5)
    at doFind (C:\Users\kaushal\.appium\node_modules\appium-uiautomator2-driver\node_modules\appium-android-driver\lib\commands\find.ts:47:17)
    at wrappedCondFn (C:\Users\kaushal\AppData\Roaming\npm\node_modules\appium\node_modules\@appium\base-driver\lib\basedriver\commands\timeout.ts:137:14)
    at spin (C:\Users\kaushal\AppData\Roaming\npm\node_modules\appium\node_modules\asyncbox\lib\asyncbox.js:219:20)
    at waitForCondition (C:\Users\kaushal\AppData\Roaming\npm\node_modules\appium\node_modules\asyncbox\lib\asyncbox.js:236:10)
    at AndroidUiautomator2Driver.implicitWaitForCondition (C:\Users\kaushal\AppData\Roaming\npm\node_modules\appium\node_modules\@appium\base-driver\lib\basedriver\commands\timeout.ts:139:12)
    at AndroidUiautomator2Driver.findElOrEls (C:\Users\kaushal\.appium\node_modules\appium-uiautomator2-driver\node_modules\appium-android-driver\lib\commands\find.ts:70:5)
    at AndroidUiautomator2Driver.findElOrElsWithProcessing (C:\Users\kaushal\AppData\Roaming\npm\node_modules\appium\node_modules\@appium\base-driver\lib\basedriver\commands\find.ts:60:12)
    at AndroidUiautomator2Driver.findElement (C:\Users\kaushal\AppData\Roaming\npm\node_modules\appium\node_modules\@appium\base-driver\lib\basedriver\commands\find.ts:75:12)
&amp#27;[38;5;24m[c636cf10]&amp#27;[0m&amp#27;[38;5;86m[HTTP]&amp#27;[0m &amp#27;[37m<-- POST /session/c636cf10-66e0-488d-b9c5-510f2057effe/element &amp#27;[39m&amp#27;[31m500&amp#27;[39m &amp#27;[90m21 ms - 2396&amp#27;[39m &amp#27;[90m&amp#27;[39m
]]></system-out>
  </testcase>
  <testcase name="chooseTopicTest" classname="TestCases.FlipboardLoginTest" time="3.028">
    <failure message="An unknown server-side error occurred while processing the command. Original error: &apos;POST /elements&apos; cannot be proxied to UiAutomator2 server because the instrumentation process is not running (probably crashed). Check the server log and/or the logcat output for more details&#10;Build info: version: &apos;4.33.0&apos;, revision: &apos;2c6aaad03a&apos;&#10;System info: os.name: &apos;Windows 11&apos;, os.arch: &apos;amd64&apos;, os.version: &apos;10.0&apos;, java.version: &apos;23&apos;&#10;Driver info: io.appium.java_client.android.AndroidDriver&#10;Command: [c636cf10-66e0-488d-b9c5-510f2057effe, findElements {value=flipboard.app:id/topic_picker_topic_row_topic_tag, using=id}]&#10;Capabilities {appium:adbExecTimeout: 100000, appium:appActivity: flipboard.activities.FirstL..., appium:appPackage: flipboard.app, appium:autoGrantPermissions: true, appium:automationName: UiAutomator2, appium:databaseEnabled: false, appium:desired: {adbExecTimeout: 100000, appActivity: flipboard.activities.FirstL..., appPackage: flipboard.app, autoGrantPermissions: true, automationName: UiAutomator2, deviceName: 192.168.1.155:43581 , noReset: true, platformName: ANDROID, platformVersion: 14, uiautomator2ServerLaunchTimeout: 100000}, appium:deviceApiLevel: 34, appium:deviceManufacturer: Google, appium:deviceModel: sdk_gphone64_x86_64, appium:deviceName: emulator-5554, appium:deviceScreenDensity: 420, appium:deviceScreenSize: 1080x2400, appium:deviceUDID: emulator-5554, appium:javascriptEnabled: true, appium:locationContextEnabled: false, appium:networkConnectionEnabled: true, appium:noReset: true, appium:pixelRatio: 2.625, appium:platformVersion: 14, appium:statBarHeight: 128, appium:takesScreenshot: true, appium:uiautomator2ServerLaunchTimeout: 100000, appium:viewportRect: {height: 2272, left: 0, top: 128, width: 1080}, appium:warnings: {}, appium:webStorageEnabled: false, platformName: ANDROID}&#10;Session ID: c636cf10-66e0-488d-b9c5-510f2057effe" type="org.openqa.selenium.WebDriverException"><![CDATA[org.openqa.selenium.WebDriverException: 
An unknown server-side error occurred while processing the command. Original error: 'POST /elements' cannot be proxied to UiAutomator2 server because the instrumentation process is not running (probably crashed). Check the server log and/or the logcat output for more details
Build info: version: '4.33.0', revision: '2c6aaad03a'
System info: os.name: 'Windows 11', os.arch: 'amd64', os.version: '10.0', java.version: '23'
Driver info: io.appium.java_client.android.AndroidDriver
Command: [c636cf10-66e0-488d-b9c5-510f2057effe, findElements {value=flipboard.app:id/topic_picker_topic_row_topic_tag, using=id}]
Capabilities {appium:adbExecTimeout: 100000, appium:appActivity: flipboard.activities.FirstL..., appium:appPackage: flipboard.app, appium:autoGrantPermissions: true, appium:automationName: UiAutomator2, appium:databaseEnabled: false, appium:desired: {adbExecTimeout: 100000, appActivity: flipboard.activities.FirstL..., appPackage: flipboard.app, autoGrantPermissions: true, automationName: UiAutomator2, deviceName: 192.168.1.155:43581 , noReset: true, platformName: ANDROID, platformVersion: 14, uiautomator2ServerLaunchTimeout: 100000}, appium:deviceApiLevel: 34, appium:deviceManufacturer: Google, appium:deviceModel: sdk_gphone64_x86_64, appium:deviceName: emulator-5554, appium:deviceScreenDensity: 420, appium:deviceScreenSize: 1080x2400, appium:deviceUDID: emulator-5554, appium:javascriptEnabled: true, appium:locationContextEnabled: false, appium:networkConnectionEnabled: true, appium:noReset: true, appium:pixelRatio: 2.625, appium:platformVersion: 14, appium:statBarHeight: 128, appium:takesScreenshot: true, appium:uiautomator2ServerLaunchTimeout: 100000, appium:viewportRect: {height: 2272, left: 0, top: 128, width: 1080}, appium:warnings: {}, appium:webStorageEnabled: false, platformName: ANDROID}
Session ID: c636cf10-66e0-488d-b9c5-510f2057effe
	at java.base/jdk.internal.reflect.DirectConstructorHandleAccessor.newInstance(DirectConstructorHandleAccessor.java:62)
	at java.base/java.lang.reflect.Constructor.newInstanceWithCaller(Constructor.java:501)
	at java.base/java.lang.reflect.Constructor.newInstance(Constructor.java:485)
	at org.openqa.selenium.remote.ErrorCodec.decode(ErrorCodec.java:167)
	at org.openqa.selenium.remote.codec.w3c.W3CHttpResponseCodec.decode(W3CHttpResponseCodec.java:138)
	at org.openqa.selenium.remote.codec.w3c.W3CHttpResponseCodec.decode(W3CHttpResponseCodec.java:50)
	at org.openqa.selenium.remote.HttpCommandExecutor.execute(HttpCommandExecutor.java:190)
	at io.appium.java_client.remote.AppiumCommandExecutor.execute(AppiumCommandExecutor.java:237)
	at org.openqa.selenium.remote.RemoteWebDriver.execute(RemoteWebDriver.java:545)
	at org.openqa.selenium.remote.ElementLocation$ElementFinder$2.findElements(ElementLocation.java:182)
	at org.openqa.selenium.remote.ElementLocation.findElements(ElementLocation.java:110)
	at org.openqa.selenium.remote.RemoteWebDriver.findElements(RemoteWebDriver.java:381)
	at org.openqa.selenium.remote.RemoteWebDriver.findElements(RemoteWebDriver.java:375)
	at io.appium.java_client.AppiumBy.findElements(AppiumBy.java:47)
	at org.openqa.selenium.support.pagefactory.ByChained.findElements(ByChained.java:65)
	at org.openqa.selenium.remote.ElementLocation$ElementFinder$1.findElements(ElementLocation.java:149)
	at org.openqa.selenium.remote.ElementLocation.findElements(ElementLocation.java:124)
	at org.openqa.selenium.remote.RemoteWebDriver.findElements(RemoteWebDriver.java:381)
	at org.openqa.selenium.remote.RemoteWebDriver.findElements(RemoteWebDriver.java:375)
	at io.appium.java_client.pagefactory.bys.ContentMappedBy.findElements(ContentMappedBy.java:59)
	at org.openqa.selenium.remote.ElementLocation$ElementFinder$1.findElements(ElementLocation.java:149)
	at org.openqa.selenium.remote.ElementLocation.findElements(ElementLocation.java:124)
	at org.openqa.selenium.remote.RemoteWebDriver.findElements(RemoteWebDriver.java:381)
	at org.openqa.selenium.remote.RemoteWebDriver.findElements(RemoteWebDriver.java:375)
	at io.appium.java_client.pagefactory.AppiumElementLocator.lambda$findElements$3(AppiumElementLocator.java:187)
	at io.appium.java_client.pagefactory.AppiumElementLocator$WaitingFunction.apply(AppiumElementLocator.java:217)
	at io.appium.java_client.pagefactory.AppiumElementLocator$WaitingFunction.apply(AppiumElementLocator.java:210)
	at org.openqa.selenium.support.ui.FluentWait.until(FluentWait.java:203)
	at io.appium.java_client.pagefactory.AppiumElementLocator.waitFor(AppiumElementLocator.java:135)
	at io.appium.java_client.pagefactory.AppiumElementLocator.findElements(AppiumElementLocator.java:186)
	at io.appium.java_client.pagefactory.interceptors.InterceptorOfAListOfElements.call(InterceptorOfAListOfElements.java:46)
	at io.appium.java_client.proxy.Interceptor.intercept(Interceptor.java:78)
	at net.bytebuddy.renamed.java.util.ArrayList$ByteBuddy$W4CBGaAg.get(Unknown Source)
	at Screens.chooseTopicScreen.choseTopics(chooseTopicScreen.java:37)
	at TestCases.FlipboardLoginTest.chooseTopicTest(FlipboardLoginTest.java:40)
	at java.base/jdk.internal.reflect.DirectMethodHandleAccessor.invoke(DirectMethodHandleAccessor.java:103)
	at java.base/java.lang.reflect.Method.invoke(Method.java:580)
	at org.testng.internal.invokers.MethodInvocationHelper.invokeMethod(MethodInvocationHelper.java:139)
	at org.testng.internal.invokers.TestInvoker.invokeMethod(TestInvoker.java:664)
	at org.testng.internal.invokers.TestInvoker.invokeTestMethod(TestInvoker.java:228)
	at org.testng.internal.invokers.MethodRunner.runInSequence(MethodRunner.java:63)
	at org.testng.internal.invokers.TestInvoker$MethodInvocationAgent.invoke(TestInvoker.java:961)
	at org.testng.internal.invokers.TestInvoker.invokeTestMethods(TestInvoker.java:201)
	at org.testng.internal.invokers.TestMethodWorker.invokeTestMethods(TestMethodWorker.java:148)
	at org.testng.internal.invokers.TestMethodWorker.run(TestMethodWorker.java:128)
	at java.base/java.util.ArrayList.forEach(ArrayList.java:1597)
	at org.testng.TestRunner.privateRun(TestRunner.java:819)
	at org.testng.TestRunner.run(TestRunner.java:619)
	at org.testng.SuiteRunner.runTest(SuiteRunner.java:443)
	at org.testng.SuiteRunner.runSequentially(SuiteRunner.java:437)
	at org.testng.SuiteRunner.privateRun(SuiteRunner.java:397)
	at org.testng.SuiteRunner.run(SuiteRunner.java:336)
	at org.testng.SuiteRunnerWorker.runSuite(SuiteRunnerWorker.java:52)
	at org.testng.SuiteRunnerWorker.run(SuiteRunnerWorker.java:95)
	at org.testng.TestNG.runSuitesSequentially(TestNG.java:1301)
	at org.testng.TestNG.runSuitesLocally(TestNG.java:1228)
	at org.testng.TestNG.runSuites(TestNG.java:1134)
	at org.testng.TestNG.run(TestNG.java:1101)
	at org.apache.maven.surefire.testng.TestNGExecutor.run(TestNGExecutor.java:155)
	at org.apache.maven.surefire.testng.TestNGDirectoryTestSuite.executeMulti(TestNGDirectoryTestSuite.java:169)
	at org.apache.maven.surefire.testng.TestNGDirectoryTestSuite.execute(TestNGDirectoryTestSuite.java:88)
	at org.apache.maven.surefire.testng.TestNGProvider.invoke(TestNGProvider.java:137)
	at org.apache.maven.surefire.booter.ForkedBooter.runSuitesInProcess(ForkedBooter.java:385)
	at org.apache.maven.surefire.booter.ForkedBooter.execute(ForkedBooter.java:162)
	at org.apache.maven.surefire.booter.ForkedBooter.run(ForkedBooter.java:507)
	at org.apache.maven.surefire.booter.ForkedBooter.main(ForkedBooter.java:495)
]]></failure>
    <system-out><![CDATA[&amp#27;[38;5;24m[c636cf10]&amp#27;[0m&amp#27;[38;5;86m[HTTP]&amp#27;[0m &amp#27;[37m-->&amp#27;[39m &amp#27;[37mGET&amp#27;[39m &amp#27;[37m/session/c636cf10-66e0-488d-b9c5-510f2057effe/context&amp#27;[39m &amp#27;[90m{}&amp#27;[39m
&amp#27;[38;5;24m[c636cf10]&amp#27;[0m&amp#27;[38;5;-20m[AndroidUiautomator2Driver@24da]&amp#27;[0m Calling AppiumDriver.getCurrentContext() with args: ["c636cf10-66e0-488d-b9c5-510f2057effe"]
&amp#27;[38;5;24m[c636cf10]&amp#27;[0m&amp#27;[38;5;-20m[AndroidUiautomator2Driver@24da]&amp#27;[0m Responding to client with driver.getCurrentContext() result: "NATIVE_APP"
&amp#27;[38;5;24m[c636cf10]&amp#27;[0m&amp#27;[38;5;86m[HTTP]&amp#27;[0m &amp#27;[37m<-- GET /session/c636cf10-66e0-488d-b9c5-510f2057effe/context &amp#27;[39m&amp#27;[32m200&amp#27;[39m &amp#27;[90m3 ms - 22&amp#27;[39m &amp#27;[90m&amp#27;[39m
&amp#27;[38;5;24m[c636cf10]&amp#27;[0m&amp#27;[38;5;86m[HTTP]&amp#27;[0m &amp#27;[37m-->&amp#27;[39m &amp#27;[37mPOST&amp#27;[39m &amp#27;[37m/session/c636cf10-66e0-488d-b9c5-510f2057effe/elements&amp#27;[39m &amp#27;[90m{"value":"flipboard.app:id/topic_picker_topic_row_topic_tag","using":"id"}&amp#27;[39m
&amp#27;[38;5;24m[c636cf10]&amp#27;[0m&amp#27;[38;5;-20m[AndroidUiautomator2Driver@24da]&amp#27;[0m Calling AppiumDriver.findElements() with args: ["id","flipboard.app:id/topic_picker_topic_row_topic_tag","c636cf10-66e0-488d-b9c5-510f2057effe"]
&amp#27;[38;5;24m[c636cf10]&amp#27;[0m&amp#27;[38;5;-20m[AndroidUiautomator2Driver@24da]&amp#27;[0m Valid locator strategies for this request: xpath, id, class name, accessibility id, css selector, -android uiautomator
&amp#27;[38;5;24m[c636cf10]&amp#27;[0m&amp#27;[38;5;-20m[AndroidUiautomator2Driver@24da]&amp#27;[0m Waiting up to 0 ms for condition
&amp#27;[38;5;24m[c636cf10]&amp#27;[0m&amp#27;[38;5;-20m[AndroidUiautomator2Driver@24da]&amp#27;[0m Encountered internal error running command: UnknownError: An unknown server-side error occurred while processing the command. Original error: 'POST /elements' cannot be proxied to UiAutomator2 server because the instrumentation process is not running (probably crashed). Check the server log and/or the logcat output for more details
    at UIA2Proxy.command (C:\Users\kaushal\AppData\Roaming\npm\node_modules\appium\node_modules\@appium\base-driver\lib\jsonwp-proxy\proxy.js:350:13)
    at processTicksAndRejections (node:internal/process/task_queues:95:5)
    at AndroidUiautomator2Driver.doFindElementOrEls (C:\Users\kaushal\.appium\node_modules\appium-uiautomator2-driver\lib\commands\find.js:40:5)
    at doFind (C:\Users\kaushal\.appium\node_modules\appium-uiautomator2-driver\node_modules\appium-android-driver\lib\commands\find.ts:47:17)
    at wrappedCondFn (C:\Users\kaushal\AppData\Roaming\npm\node_modules\appium\node_modules\@appium\base-driver\lib\basedriver\commands\timeout.ts:137:14)
    at spin (C:\Users\kaushal\AppData\Roaming\npm\node_modules\appium\node_modules\asyncbox\lib\asyncbox.js:219:20)
    at waitForCondition (C:\Users\kaushal\AppData\Roaming\npm\node_modules\appium\node_modules\asyncbox\lib\asyncbox.js:236:10)
    at AndroidUiautomator2Driver.implicitWaitForCondition (C:\Users\kaushal\AppData\Roaming\npm\node_modules\appium\node_modules\@appium\base-driver\lib\basedriver\commands\timeout.ts:139:12)
    at AndroidUiautomator2Driver.findElOrEls (C:\Users\kaushal\.appium\node_modules\appium-uiautomator2-driver\node_modules\appium-android-driver\lib\commands\find.ts:70:5)
    at AndroidUiautomator2Driver.findElOrElsWithProcessing (C:\Users\kaushal\AppData\Roaming\npm\node_modules\appium\node_modules\@appium\base-driver\lib\basedriver\commands\find.ts:60:12)
    at AndroidUiautomator2Driver.findElements (C:\Users\kaushal\AppData\Roaming\npm\node_modules\appium\node_modules\@appium\base-driver\lib\basedriver\commands\find.ts:79:12)
&amp#27;[38;5;24m[c636cf10]&amp#27;[0m&amp#27;[38;5;86m[HTTP]&amp#27;[0m &amp#27;[37m<-- POST /session/c636cf10-66e0-488d-b9c5-510f2057effe/elements &amp#27;[39m&amp#27;[31m500&amp#27;[39m &amp#27;[90m4 ms - 2399&amp#27;[39m &amp#27;[90m&amp#27;[39m
]]></system-out>
  </testcase>
  <testcase name="quitDriver" classname="TestCases.FlipboardLoginTest" time="6.492">
    <failure message="Session ID is null. Using WebDriver after calling quit()?&#10;Build info: version: &apos;4.33.0&apos;, revision: &apos;2c6aaad03a&apos;&#10;System info: os.name: &apos;Windows 11&apos;, os.arch: &apos;amd64&apos;, os.version: &apos;10.0&apos;, java.version: &apos;23&apos;&#10;Driver info: io.appium.java_client.android.AndroidDriver&#10;Command: [null, screenshot {}]&#10;Capabilities {appium:adbExecTimeout: 100000, appium:appActivity: flipboard.activities.FirstL..., appium:appPackage: flipboard.app, appium:autoGrantPermissions: true, appium:automationName: UiAutomator2, appium:databaseEnabled: false, appium:desired: {adbExecTimeout: 100000, appActivity: flipboard.activities.FirstL..., appPackage: flipboard.app, autoGrantPermissions: true, automationName: UiAutomator2, deviceName: 192.168.1.155:43581 , noReset: true, platformName: ANDROID, platformVersion: 14, uiautomator2ServerLaunchTimeout: 100000}, appium:deviceApiLevel: 34, appium:deviceManufacturer: Google, appium:deviceModel: sdk_gphone64_x86_64, appium:deviceName: emulator-5554, appium:deviceScreenDensity: 420, appium:deviceScreenSize: 1080x2400, appium:deviceUDID: emulator-5554, appium:javascriptEnabled: true, appium:locationContextEnabled: false, appium:networkConnectionEnabled: true, appium:noReset: true, appium:pixelRatio: 2.625, appium:platformVersion: 14, appium:statBarHeight: 128, appium:takesScreenshot: true, appium:uiautomator2ServerLaunchTimeout: 100000, appium:viewportRect: {height: 2272, left: 0, top: 128, width: 1080}, appium:warnings: {}, appium:webStorageEnabled: false, platformName: ANDROID}" type="org.openqa.selenium.NoSuchSessionException"><![CDATA[org.openqa.selenium.NoSuchSessionException: 
Session ID is null. Using WebDriver after calling quit()?
Build info: version: '4.33.0', revision: '2c6aaad03a'
System info: os.name: 'Windows 11', os.arch: 'amd64', os.version: '10.0', java.version: '23'
Driver info: io.appium.java_client.android.AndroidDriver
Command: [null, screenshot {}]
Capabilities {appium:adbExecTimeout: 100000, appium:appActivity: flipboard.activities.FirstL..., appium:appPackage: flipboard.app, appium:autoGrantPermissions: true, appium:automationName: UiAutomator2, appium:databaseEnabled: false, appium:desired: {adbExecTimeout: 100000, appActivity: flipboard.activities.FirstL..., appPackage: flipboard.app, autoGrantPermissions: true, automationName: UiAutomator2, deviceName: 192.168.1.155:43581 , noReset: true, platformName: ANDROID, platformVersion: 14, uiautomator2ServerLaunchTimeout: 100000}, appium:deviceApiLevel: 34, appium:deviceManufacturer: Google, appium:deviceModel: sdk_gphone64_x86_64, appium:deviceName: emulator-5554, appium:deviceScreenDensity: 420, appium:deviceScreenSize: 1080x2400, appium:deviceUDID: emulator-5554, appium:javascriptEnabled: true, appium:locationContextEnabled: false, appium:networkConnectionEnabled: true, appium:noReset: true, appium:pixelRatio: 2.625, appium:platformVersion: 14, appium:statBarHeight: 128, appium:takesScreenshot: true, appium:uiautomator2ServerLaunchTimeout: 100000, appium:viewportRect: {height: 2272, left: 0, top: 128, width: 1080}, appium:warnings: {}, appium:webStorageEnabled: false, platformName: ANDROID}
	at org.openqa.selenium.remote.HttpCommandExecutor.execute(HttpCommandExecutor.java:151)
	at io.appium.java_client.remote.AppiumCommandExecutor.execute(AppiumCommandExecutor.java:237)
	at org.openqa.selenium.remote.RemoteWebDriver.execute(RemoteWebDriver.java:545)
	at org.openqa.selenium.remote.RemoteWebDriver.execute(RemoteWebDriver.java:618)
	at io.appium.java_client.AppiumDriver.execute(AppiumDriver.java:310)
	at org.openqa.selenium.remote.RemoteWebDriver.getScreenshotAs(RemoteWebDriver.java:334)
	at io.appium.java_client.AppiumDriver.getScreenshotAs(AppiumDriver.java:319)
	at base.TestBase.takeScreenShots(TestBase.java:90)
	at base.TestBase.quit(TestBase.java:77)
	at TestCases.FlipboardLoginTest.quitDriver(FlipboardLoginTest.java:48)
	at java.base/jdk.internal.reflect.DirectMethodHandleAccessor.invoke(DirectMethodHandleAccessor.java:103)
	at java.base/java.lang.reflect.Method.invoke(Method.java:580)
	at org.testng.internal.invokers.MethodInvocationHelper.invokeMethod(MethodInvocationHelper.java:139)
	at org.testng.internal.invokers.MethodInvocationHelper.invokeMethodConsideringTimeout(MethodInvocationHelper.java:69)
	at org.testng.internal.invokers.ConfigInvoker.invokeConfigurationMethod(ConfigInvoker.java:393)
	at org.testng.internal.invokers.ConfigInvoker.invokeConfigurations(ConfigInvoker.java:326)
	at org.testng.TestRunner.invokeTestConfigurations(TestRunner.java:661)
	at org.testng.TestRunner.afterRun(TestRunner.java:904)
	at org.testng.TestRunner.run(TestRunner.java:622)
	at org.testng.SuiteRunner.runTest(SuiteRunner.java:443)
	at org.testng.SuiteRunner.runSequentially(SuiteRunner.java:437)
	at org.testng.SuiteRunner.privateRun(SuiteRunner.java:397)
	at org.testng.SuiteRunner.run(SuiteRunner.java:336)
	at org.testng.SuiteRunnerWorker.runSuite(SuiteRunnerWorker.java:52)
	at org.testng.SuiteRunnerWorker.run(SuiteRunnerWorker.java:95)
	at org.testng.TestNG.runSuitesSequentially(TestNG.java:1301)
	at org.testng.TestNG.runSuitesLocally(TestNG.java:1228)
	at org.testng.TestNG.runSuites(TestNG.java:1134)
	at org.testng.TestNG.run(TestNG.java:1101)
	at org.apache.maven.surefire.testng.TestNGExecutor.run(TestNGExecutor.java:155)
	at org.apache.maven.surefire.testng.TestNGDirectoryTestSuite.executeMulti(TestNGDirectoryTestSuite.java:169)
	at org.apache.maven.surefire.testng.TestNGDirectoryTestSuite.execute(TestNGDirectoryTestSuite.java:88)
	at org.apache.maven.surefire.testng.TestNGProvider.invoke(TestNGProvider.java:137)
	at org.apache.maven.surefire.booter.ForkedBooter.runSuitesInProcess(ForkedBooter.java:385)
	at org.apache.maven.surefire.booter.ForkedBooter.execute(ForkedBooter.java:162)
	at org.apache.maven.surefire.booter.ForkedBooter.run(ForkedBooter.java:507)
	at org.apache.maven.surefire.booter.ForkedBooter.main(ForkedBooter.java:495)
]]></failure>
    <system-out><![CDATA[ calling QUIT from TestBase
&amp#27;[38;5;24m[c636cf10]&amp#27;[0m&amp#27;[38;5;86m[HTTP]&amp#27;[0m &amp#27;[37m-->&amp#27;[39m &amp#27;[37mDELETE&amp#27;[39m &amp#27;[37m/session/c636cf10-66e0-488d-b9c5-510f2057effe&amp#27;[39m &amp#27;[90m{}&amp#27;[39m
&amp#27;[38;5;24m[c636cf10]&amp#27;[0m&amp#27;[38;5;-20m[AndroidUiautomator2Driver@24da]&amp#27;[0m Calling AppiumDriver.deleteSession() with args: ["c636cf10-66e0-488d-b9c5-510f2057effe"]
&amp#27;[38;5;24m[c636cf10]&amp#27;[0m&amp#27;[38;5;157m[AppiumDriver@461d]&amp#27;[0m Event 'quitSessionRequested' logged at 1748776052582 (16:37:32 GMT+0530 (India Standard Time))
&amp#27;[38;5;24m[c636cf10]&amp#27;[0m&amp#27;[38;5;157m[AppiumDriver@461d]&amp#27;[0m Removing session c636cf10-66e0-488d-b9c5-510f2057effe from our master session list
&amp#27;[38;5;24m[c636cf10]&amp#27;[0m&amp#27;[38;5;-20m[AndroidUiautomator2Driver@24da]&amp#27;[0m Deleting UiAutomator2 session
&amp#27;[38;5;24m[c636cf10]&amp#27;[0m&amp#27;[38;5;-20m[AndroidUiautomator2Driver@24da]&amp#27;[0m Deleting UiAutomator2 server session
&amp#27;[38;5;24m[c636cf10]&amp#27;[0m&amp#27;[38;5;-20m[AndroidUiautomator2Driver@24da]&amp#27;[0m Did not get confirmation UiAutomator2 deleteSession worked; Error was: UnknownError: An unknown server-side error occurred while processing the command. Original error: 'DELETE /' cannot be proxied to UiAutomator2 server because the instrumentation process is not running (probably crashed). Check the server log and/or the logcat output for more details
&amp#27;[38;5;24m[c636cf10]&amp#27;[0m&amp#27;[38;5;229m[ADB]&amp#27;[0m Running 'C:\Users\kaushal\AppData\Local\Android\Sdk\platform-tools\adb.exe -P 5037 -s emulator-5554 shell dumpsys activity services io.appium.settings/.recorder.RecorderService'
&amp#27;[38;5;24m[c636cf10]&amp#27;[0m&amp#27;[38;5;229m[ADB]&amp#27;[0m Removing forwarded port socket connection: 8200 
&amp#27;[38;5;24m[c636cf10]&amp#27;[0m&amp#27;[38;5;229m[ADB]&amp#27;[0m Running 'C:\Users\kaushal\AppData\Local\Android\Sdk\platform-tools\adb.exe -P 5037 -s emulator-5554 forward --remove tcp:8200'
&amp#27;[38;5;24m[c636cf10]&amp#27;[0m&amp#27;[38;5;-20m[AndroidUiautomator2Driver@24da]&amp#27;[0m Restoring hidden api policy to the device default configuration
&amp#27;[38;5;24m[c636cf10]&amp#27;[0m&amp#27;[38;5;229m[ADB]&amp#27;[0m Running 'C:\Users\kaushal\AppData\Local\Android\Sdk\platform-tools\adb.exe -P 5037 -s emulator-5554 shell 'settings delete global hidden_api_policy_pre_p_apps;settings delete global hidden_api_policy_p_apps;settings delete global hidden_api_policy''
&amp#27;[38;5;24m[c636cf10]&amp#27;[0m&amp#27;[38;5;160m[Logcat]&amp#27;[0m Stopping logcat capture
&amp#27;[38;5;24m[c636cf10]&amp#27;[0m&amp#27;[38;5;157m[AppiumDriver@461d]&amp#27;[0m Event 'quitSessionFinished' logged at 1748776052861 (16:37:32 GMT+0530 (India Standard Time))
&amp#27;[38;5;24m[c636cf10]&amp#27;[0m&amp#27;[38;5;157m[AppiumDriver@461d]&amp#27;[0m Received response: null
&amp#27;[38;5;24m[c636cf10]&amp#27;[0m&amp#27;[38;5;157m[AppiumDriver@461d]&amp#27;[0m But deleting session, so not returning
&amp#27;[38;5;24m[c636cf10]&amp#27;[0m&amp#27;[38;5;157m[AppiumDriver@461d]&amp#27;[0m Responding to client with driver.deleteSession() result: null
&amp#27;[38;5;24m[c636cf10]&amp#27;[0m&amp#27;[38;5;86m[HTTP]&amp#27;[0m &amp#27;[37m<-- DELETE /session/c636cf10-66e0-488d-b9c5-510f2057effe &amp#27;[39m&amp#27;[32m200&amp#27;[39m &amp#27;[90m281 ms - 14&amp#27;[39m &amp#27;[90m&amp#27;[39m
]]></system-out>
  </testcase>
  <testcase name="validateTitle" classname="TestCases.TitleSectionTest" time="1.163">
    <failure message="Can&apos;t locate an element by this strategy: By.chained({AppiumBy.id: flipboard.app:id/first_launch_cover_continue})" type="org.openqa.selenium.NoSuchElementException"><![CDATA[org.openqa.selenium.NoSuchElementException: Can't locate an element by this strategy: By.chained({AppiumBy.id: flipboard.app:id/first_launch_cover_continue})
	at io.appium.java_client.pagefactory.AppiumElementLocator.findElement(AppiumElementLocator.java:166)
	at io.appium.java_client.pagefactory.interceptors.InterceptorOfASingleElement.call(InterceptorOfASingleElement.java:75)
	at io.appium.java_client.proxy.Interceptor.intercept(Interceptor.java:78)
	at org.openqa.selenium.remote.RemoteWebElement$ByteBuddy$SrRsDta5.click(Unknown Source)
	at Screens.LoginScreen.clickGetStartedbutton(LoginScreen.java:30)
	at TestCases.TitleSectionTest.validateTitle(TitleSectionTest.java:39)
	at java.base/jdk.internal.reflect.DirectMethodHandleAccessor.invoke(DirectMethodHandleAccessor.java:103)
	at java.base/java.lang.reflect.Method.invoke(Method.java:580)
	at org.testng.internal.invokers.MethodInvocationHelper.invokeMethod(MethodInvocationHelper.java:139)
	at org.testng.internal.invokers.TestInvoker.invokeMethod(TestInvoker.java:664)
	at org.testng.internal.invokers.TestInvoker.invokeTestMethod(TestInvoker.java:228)
	at org.testng.internal.invokers.MethodRunner.runInSequence(MethodRunner.java:63)
	at org.testng.internal.invokers.TestInvoker$MethodInvocationAgent.invoke(TestInvoker.java:961)
	at org.testng.internal.invokers.TestInvoker.invokeTestMethods(TestInvoker.java:201)
	at org.testng.internal.invokers.TestMethodWorker.invokeTestMethods(TestMethodWorker.java:148)
	at org.testng.internal.invokers.TestMethodWorker.run(TestMethodWorker.java:128)
	at java.base/java.util.ArrayList.forEach(ArrayList.java:1597)
	at org.testng.TestRunner.privateRun(TestRunner.java:819)
	at org.testng.TestRunner.run(TestRunner.java:619)
	at org.testng.SuiteRunner.runTest(SuiteRunner.java:443)
	at org.testng.SuiteRunner.runSequentially(SuiteRunner.java:437)
	at org.testng.SuiteRunner.privateRun(SuiteRunner.java:397)
	at org.testng.SuiteRunner.run(SuiteRunner.java:336)
	at org.testng.SuiteRunnerWorker.runSuite(SuiteRunnerWorker.java:52)
	at org.testng.SuiteRunnerWorker.run(SuiteRunnerWorker.java:95)
	at org.testng.TestNG.runSuitesSequentially(TestNG.java:1301)
	at org.testng.TestNG.runSuitesLocally(TestNG.java:1228)
	at org.testng.TestNG.runSuites(TestNG.java:1134)
	at org.testng.TestNG.run(TestNG.java:1101)
	at org.apache.maven.surefire.testng.TestNGExecutor.run(TestNGExecutor.java:155)
	at org.apache.maven.surefire.testng.TestNGDirectoryTestSuite.executeMulti(TestNGDirectoryTestSuite.java:169)
	at org.apache.maven.surefire.testng.TestNGDirectoryTestSuite.execute(TestNGDirectoryTestSuite.java:88)
	at org.apache.maven.surefire.testng.TestNGProvider.invoke(TestNGProvider.java:137)
	at org.apache.maven.surefire.booter.ForkedBooter.runSuitesInProcess(ForkedBooter.java:385)
	at org.apache.maven.surefire.booter.ForkedBooter.execute(ForkedBooter.java:162)
	at org.apache.maven.surefire.booter.ForkedBooter.run(ForkedBooter.java:507)
	at org.apache.maven.surefire.booter.ForkedBooter.main(ForkedBooter.java:495)
Caused by: org.openqa.selenium.TimeoutException: Expected condition failed: waiting for io.appium.java_client.pagefactory.AppiumElementLocator$WaitingFunction@60b34931 (tried for 1 second(s) with 500 milliseconds interval)
	at org.openqa.selenium.support.ui.FluentWait.timeoutException(FluentWait.java:265)
	at org.openqa.selenium.support.ui.FluentWait.until(FluentWait.java:228)
	at io.appium.java_client.pagefactory.AppiumElementLocator.waitFor(AppiumElementLocator.java:135)
	at io.appium.java_client.pagefactory.AppiumElementLocator.findElement(AppiumElementLocator.java:160)
	... 36 more
Caused by: org.openqa.selenium.NoSuchElementException: Cannot locate an element using By.chained({AppiumBy.id: flipboard.app:id/first_launch_cover_continue})
For documentation on this error, please visit: https://www.selenium.dev/documentation/webdriver/troubleshooting/errors#no-such-element-exception
Build info: version: '4.33.0', revision: '2c6aaad03a'
System info: os.name: 'Windows 11', os.arch: 'amd64', os.version: '10.0', java.version: '23'
Driver info: driver.version: RemoteWebDriver
	at io.appium.java_client.pagefactory.bys.builder.ByChained.findElement(ByChained.java:74)
	at org.openqa.selenium.remote.ElementLocation$ElementFinder$1.findElement(ElementLocation.java:139)
	at org.openqa.selenium.remote.ElementLocation.findElement(ElementLocation.java:81)
	at org.openqa.selenium.remote.RemoteWebDriver.findElement(RemoteWebDriver.java:368)
	at org.openqa.selenium.remote.RemoteWebDriver.findElement(RemoteWebDriver.java:362)
	at io.appium.java_client.pagefactory.bys.ContentMappedBy.findElement(ContentMappedBy.java:54)
	at org.openqa.selenium.remote.ElementLocation$ElementFinder$1.findElement(ElementLocation.java:139)
	at org.openqa.selenium.remote.ElementLocation.findElement(ElementLocation.java:81)
	at org.openqa.selenium.remote.RemoteWebDriver.findElement(RemoteWebDriver.java:368)
	at org.openqa.selenium.remote.RemoteWebDriver.findElement(RemoteWebDriver.java:362)
	at io.appium.java_client.pagefactory.AppiumElementLocator.lambda$findElement$1(AppiumElementLocator.java:160)
	at io.appium.java_client.pagefactory.AppiumElementLocator$WaitingFunction.apply(AppiumElementLocator.java:217)
	at io.appium.java_client.pagefactory.AppiumElementLocator$WaitingFunction.apply(AppiumElementLocator.java:210)
	at org.openqa.selenium.support.ui.FluentWait.until(FluentWait.java:203)
	... 38 more
]]></failure>
    <system-out><![CDATA[&amp#27;[38;5;150m[99431008]&amp#27;[0m&amp#27;[38;5;86m[HTTP]&amp#27;[0m &amp#27;[37m-->&amp#27;[39m &amp#27;[37mGET&amp#27;[39m &amp#27;[37m/session/99431008-a617-458f-a6ad-57af2283046c/context&amp#27;[39m &amp#27;[90m{}&amp#27;[39m
&amp#27;[38;5;150m[99431008]&amp#27;[0m&amp#27;[38;5;13m[AndroidUiautomator2Driver@6d75]&amp#27;[0m Calling AppiumDriver.getCurrentContext() with args: ["99431008-a617-458f-a6ad-57af2283046c"]
&amp#27;[38;5;150m[99431008]&amp#27;[0m&amp#27;[38;5;13m[AndroidUiautomator2Driver@6d75]&amp#27;[0m Responding to client with driver.getCurrentContext() result: "NATIVE_APP"
&amp#27;[38;5;150m[99431008]&amp#27;[0m&amp#27;[38;5;86m[HTTP]&amp#27;[0m &amp#27;[37m<-- GET /session/99431008-a617-458f-a6ad-57af2283046c/context &amp#27;[39m&amp#27;[32m200&amp#27;[39m &amp#27;[90m1 ms - 22&amp#27;[39m &amp#27;[90m&amp#27;[39m
&amp#27;[38;5;150m[99431008]&amp#27;[0m&amp#27;[38;5;86m[HTTP]&amp#27;[0m &amp#27;[37m-->&amp#27;[39m &amp#27;[37mPOST&amp#27;[39m &amp#27;[37m/session/99431008-a617-458f-a6ad-57af2283046c/element&amp#27;[39m &amp#27;[90m{"value":"flipboard.app:id/first_launch_cover_continue","using":"id"}&amp#27;[39m
&amp#27;[38;5;150m[99431008]&amp#27;[0m&amp#27;[38;5;13m[AndroidUiautomator2Driver@6d75]&amp#27;[0m Calling AppiumDriver.findElement() with args: ["id","flipboard.app:id/first_launch_cover_continue","99431008-a617-458f-a6ad-57af2283046c"]
&amp#27;[38;5;150m[99431008]&amp#27;[0m&amp#27;[38;5;13m[AndroidUiautomator2Driver@6d75]&amp#27;[0m Valid locator strategies for this request: xpath, id, class name, accessibility id, css selector, -android uiautomator
&amp#27;[38;5;150m[99431008]&amp#27;[0m&amp#27;[38;5;13m[AndroidUiautomator2Driver@6d75]&amp#27;[0m Waiting up to 0 ms for condition
&amp#27;[38;5;150m[99431008]&amp#27;[0m&amp#27;[38;5;13m[AndroidUiautomator2Driver@6d75]&amp#27;[0m Matched '/element' to command name 'findElement'
&amp#27;[38;5;150m[99431008]&amp#27;[0m&amp#27;[38;5;13m[AndroidUiautomator2Driver@6d75]&amp#27;[0m Proxying [POST /element] to [POST http://127.0.0.1:8206/session/5209e1ba-6572-46ef-b1f2-8a22fc07e34f/element] with body: {"strategy":"id","selector":"flipboard.app:id/first_launch_cover_continue","context":"","multiple":false}
&amp#27;[38;5;150m[99431008]&amp#27;[0m&amp#27;[38;5;13m[AndroidUiautomator2Driver@6d75]&amp#27;[0m Got response with status 404: {"sessionId":"5209e1ba-6572-46ef-b1f2-8a22fc07e34f","value":{"error":"no such element","message":"An element could not be located on the page using the given search parameters","stacktrace":"io.appium.uiautomator2.common.exceptions.ElementNotFoundException: An element could not be located on the page using the given search parameters\n\tat io.appium.uiautomator2.handler.FindElement.safeHandle(FindElement.java:63)\n\tat io.appium.uiautomator2.handler.request.SafeRequestHandler.handle(SafeRequestHandler.java:59)\n\tat io.appium.uiautomator2.server.AppiumServlet.handleRequest(AppiumServlet.java:259)\n\tat io.appium.uiautomator2.server.AppiumServlet.handleHttpRequest(AppiumServlet.java:253)\n\tat io.appium.uiautomator2.http.ServerHandler.channelRead(ServerHandler.java:77)\n\tat io.netty.channel.AbstractChannelHandlerContext.invokeChannelRead(AbstractChannelHandlerContext.java:366)\n\tat io.netty.channel.AbstractChannelHandlerContext.invokeChannelRead(AbstractChannelHandlerContext.java:352)\n\tat io.netty.chann...
&amp#27;[38;5;150m[99431008]&amp#27;[0m&amp#27;[38;5;123m[W3C]&amp#27;[0m Matched W3C error code 'no such element' to NoSuchElementError
&amp#27;[38;5;150m[99431008]&amp#27;[0m&amp#27;[38;5;13m[AndroidUiautomator2Driver@6d75]&amp#27;[0m Encountered internal error running command: NoSuchElementError: An element could not be located on the page using the given search parameters.
    at AndroidUiautomator2Driver.findElOrEls (C:\Users\kaushal\.appium\node_modules\appium-uiautomator2-driver\node_modules\appium-android-driver\lib\commands\find.ts:86:11)
    at processTicksAndRejections (node:internal/process/task_queues:95:5)
    at AndroidUiautomator2Driver.findElOrElsWithProcessing (C:\Users\kaushal\AppData\Roaming\npm\node_modules\appium\node_modules\@appium\base-driver\lib\basedriver\commands\find.ts:60:12)
    at AndroidUiautomator2Driver.findElement (C:\Users\kaushal\AppData\Roaming\npm\node_modules\appium\node_modules\@appium\base-driver\lib\basedriver\commands\find.ts:75:12)
&amp#27;[38;5;150m[99431008]&amp#27;[0m&amp#27;[38;5;86m[HTTP]&amp#27;[0m &amp#27;[37m<-- POST /session/99431008-a617-458f-a6ad-57af2283046c/element &amp#27;[39m&amp#27;[33m404&amp#27;[39m &amp#27;[90m82 ms - 896&amp#27;[39m &amp#27;[90m&amp#27;[39m
&amp#27;[38;5;150m[99431008]&amp#27;[0m&amp#27;[38;5;86m[HTTP]&amp#27;[0m &amp#27;[37m-->&amp#27;[39m &amp#27;[37mPOST&amp#27;[39m &amp#27;[37m/session/99431008-a617-458f-a6ad-57af2283046c/element&amp#27;[39m &amp#27;[90m{"value":"flipboard.app:id/first_launch_cover_continue","using":"id"}&amp#27;[39m
&amp#27;[38;5;150m[99431008]&amp#27;[0m&amp#27;[38;5;13m[AndroidUiautomator2Driver@6d75]&amp#27;[0m Calling AppiumDriver.findElement() with args: ["id","flipboard.app:id/first_launch_cover_continue","99431008-a617-458f-a6ad-57af2283046c"]
&amp#27;[38;5;150m[99431008]&amp#27;[0m&amp#27;[38;5;13m[AndroidUiautomator2Driver@6d75]&amp#27;[0m Valid locator strategies for this request: xpath, id, class name, accessibility id, css selector, -android uiautomator
&amp#27;[38;5;150m[99431008]&amp#27;[0m&amp#27;[38;5;13m[AndroidUiautomator2Driver@6d75]&amp#27;[0m Waiting up to 0 ms for condition
&amp#27;[38;5;150m[99431008]&amp#27;[0m&amp#27;[38;5;13m[AndroidUiautomator2Driver@6d75]&amp#27;[0m Matched '/element' to command name 'findElement'
&amp#27;[38;5;150m[99431008]&amp#27;[0m&amp#27;[38;5;13m[AndroidUiautomator2Driver@6d75]&amp#27;[0m Proxying [POST /element] to [POST http://127.0.0.1:8206/session/5209e1ba-6572-46ef-b1f2-8a22fc07e34f/element] with body: {"strategy":"id","selector":"flipboard.app:id/first_launch_cover_continue","context":"","multiple":false}
&amp#27;[38;5;150m[99431008]&amp#27;[0m&amp#27;[38;5;13m[AndroidUiautomator2Driver@6d75]&amp#27;[0m Got response with status 404: {"sessionId":"5209e1ba-6572-46ef-b1f2-8a22fc07e34f","value":{"error":"no such element","message":"An element could not be located on the page using the given search parameters","stacktrace":"io.appium.uiautomator2.common.exceptions.ElementNotFoundException: An element could not be located on the page using the given search parameters\n\tat io.appium.uiautomator2.handler.FindElement.safeHandle(FindElement.java:63)\n\tat io.appium.uiautomator2.handler.request.SafeRequestHandler.handle(SafeRequestHandler.java:59)\n\tat io.appium.uiautomator2.server.AppiumServlet.handleRequest(AppiumServlet.java:259)\n\tat io.appium.uiautomator2.server.AppiumServlet.handleHttpRequest(AppiumServlet.java:253)\n\tat io.appium.uiautomator2.http.ServerHandler.channelRead(ServerHandler.java:77)\n\tat io.netty.channel.AbstractChannelHandlerContext.invokeChannelRead(AbstractChannelHandlerContext.java:366)\n\tat io.netty.channel.AbstractChannelHandlerContext.invokeChannelRead(AbstractChannelHandlerContext.java:352)\n\tat io.netty.chann...
&amp#27;[38;5;150m[99431008]&amp#27;[0m&amp#27;[38;5;123m[W3C]&amp#27;[0m Matched W3C error code 'no such element' to NoSuchElementError
&amp#27;[38;5;150m[99431008]&amp#27;[0m&amp#27;[38;5;13m[AndroidUiautomator2Driver@6d75]&amp#27;[0m Encountered internal error running command: NoSuchElementError: An element could not be located on the page using the given search parameters.
    at AndroidUiautomator2Driver.findElOrEls (C:\Users\kaushal\.appium\node_modules\appium-uiautomator2-driver\node_modules\appium-android-driver\lib\commands\find.ts:86:11)
    at processTicksAndRejections (node:internal/process/task_queues:95:5)
    at AndroidUiautomator2Driver.findElOrElsWithProcessing (C:\Users\kaushal\AppData\Roaming\npm\node_modules\appium\node_modules\@appium\base-driver\lib\basedriver\commands\find.ts:60:12)
    at AndroidUiautomator2Driver.findElement (C:\Users\kaushal\AppData\Roaming\npm\node_modules\appium\node_modules\@appium\base-driver\lib\basedriver\commands\find.ts:75:12)
&amp#27;[38;5;150m[99431008]&amp#27;[0m&amp#27;[38;5;86m[HTTP]&amp#27;[0m &amp#27;[37m<-- POST /session/99431008-a617-458f-a6ad-57af2283046c/element &amp#27;[39m&amp#27;[33m404&amp#27;[39m &amp#27;[90m553 ms - 896&amp#27;[39m &amp#27;[90m&amp#27;[39m
]]></system-out>
  </testcase>
  <testcase name="quitDriver" classname="TestCases.TitleSectionTest" time="0.0">
    <skipped/>
  </testcase>
</testsuite>