<?xml version="1.0" encoding="UTF-8"?>
<!-- Generated by org.testng.reporters.JUnitReportReporter -->
<testsuite hostname="DESKTOP-1T8678Q" failures="0" tests="3" name="Extent_Report.ExtentReport_Code" time="0.043" errors="0" timestamp="2025-05-29T21:00:23 IST" skipped="0">
  <testcase classname="Extent_Report.ExtentReport_Code" name="doLogin1" time="0.018"/>
  <testcase classname="Extent_Report.ExtentReport_Code" name="doLogin" time="0.005"/>
  <testcase classname="Extent_Report.ExtentReport_Code" name="doHELLO" time="0.020"/>
</testsuite> <!-- Extent_Report.ExtentReport_Code -->
